mode: atomic
github.com/radekg/app-kit-orytest/keto/keto.go:47.107,55.45 2 1
github.com/radekg/app-kit-orytest/keto/keto.go:62.2,62.72 1 1
github.com/radekg/app-kit-orytest/keto/keto.go:67.2,68.24 2 1
github.com/radekg/app-kit-orytest/keto/keto.go:73.2,73.37 1 1
github.com/radekg/app-kit-orytest/keto/keto.go:79.2,80.23 2 1
github.com/radekg/app-kit-orytest/keto/keto.go:85.2,85.37 1 1
github.com/radekg/app-kit-orytest/keto/keto.go:91.2,92.16 2 1
github.com/radekg/app-kit-orytest/keto/keto.go:96.2,96.37 1 1
github.com/radekg/app-kit-orytest/keto/keto.go:100.2,101.16 2 1
github.com/radekg/app-kit-orytest/keto/keto.go:105.2,105.37 1 1
github.com/radekg/app-kit-orytest/keto/keto.go:110.2,110.49 1 1
github.com/radekg/app-kit-orytest/keto/keto.go:114.2,114.48 1 1
github.com/radekg/app-kit-orytest/keto/keto.go:121.2,127.20 4 1
github.com/radekg/app-kit-orytest/keto/keto.go:132.2,132.103 1 1
github.com/radekg/app-kit-orytest/keto/keto.go:137.2,141.20 3 1
github.com/radekg/app-kit-orytest/keto/keto.go:147.2,165.90 2 1
github.com/radekg/app-kit-orytest/keto/keto.go:169.2,169.20 1 1
github.com/radekg/app-kit-orytest/keto/keto.go:174.2,174.37 1 1
github.com/radekg/app-kit-orytest/keto/keto.go:180.2,180.88 1 1
github.com/radekg/app-kit-orytest/keto/keto.go:186.2,217.76 4 1
github.com/radekg/app-kit-orytest/keto/keto.go:218.2,218.20 1 1
github.com/radekg/app-kit-orytest/keto/keto.go:222.2,222.37 1 1
github.com/radekg/app-kit-orytest/keto/keto.go:228.2,242.95 10 1
github.com/radekg/app-kit-orytest/keto/keto.go:278.2,280.9 2 1
github.com/radekg/app-kit-orytest/keto/keto.go:291.2,295.9 3 1
github.com/radekg/app-kit-orytest/keto/keto.go:306.2,307.28 1 1
github.com/radekg/app-kit-orytest/keto/keto.go:55.45,56.38 1 0
github.com/radekg/app-kit-orytest/keto/keto.go:56.38,58.4 1 0
github.com/radekg/app-kit-orytest/keto/keto.go:62.72,64.3 1 6
github.com/radekg/app-kit-orytest/keto/keto.go:68.24,71.3 2 0
github.com/radekg/app-kit-orytest/keto/keto.go:73.37,76.3 2 1
github.com/radekg/app-kit-orytest/keto/keto.go:80.23,83.3 2 0
github.com/radekg/app-kit-orytest/keto/keto.go:85.37,88.3 2 1
github.com/radekg/app-kit-orytest/keto/keto.go:92.16,95.3 2 0
github.com/radekg/app-kit-orytest/keto/keto.go:96.37,99.3 2 1
github.com/radekg/app-kit-orytest/keto/keto.go:101.16,104.3 2 0
github.com/radekg/app-kit-orytest/keto/keto.go:105.37,108.3 2 1
github.com/radekg/app-kit-orytest/keto/keto.go:110.49,113.3 2 0
github.com/radekg/app-kit-orytest/keto/keto.go:114.48,117.3 2 0
github.com/radekg/app-kit-orytest/keto/keto.go:127.20,130.3 2 0
github.com/radekg/app-kit-orytest/keto/keto.go:132.103,135.3 2 0
github.com/radekg/app-kit-orytest/keto/keto.go:141.20,144.3 2 0
github.com/radekg/app-kit-orytest/keto/keto.go:165.90,168.3 1 1
github.com/radekg/app-kit-orytest/keto/keto.go:169.20,172.3 2 0
github.com/radekg/app-kit-orytest/keto/keto.go:174.37,178.3 3 1
github.com/radekg/app-kit-orytest/keto/keto.go:180.88,183.3 2 0
github.com/radekg/app-kit-orytest/keto/keto.go:217.77,217.78 0 1
github.com/radekg/app-kit-orytest/keto/keto.go:218.20,221.3 2 0
github.com/radekg/app-kit-orytest/keto/keto.go:222.37,226.3 3 1
github.com/radekg/app-kit-orytest/keto/keto.go:242.95,243.17 1 2
github.com/radekg/app-kit-orytest/keto/keto.go:243.17,244.44 1 2
github.com/radekg/app-kit-orytest/keto/keto.go:270.4,270.27 1 2
github.com/radekg/app-kit-orytest/keto/keto.go:274.4,274.29 1 0
github.com/radekg/app-kit-orytest/keto/keto.go:244.44,246.26 2 3
github.com/radekg/app-kit-orytest/keto/keto.go:250.5,252.27 3 3
github.com/radekg/app-kit-orytest/keto/keto.go:256.5,257.27 2 2
github.com/radekg/app-kit-orytest/keto/keto.go:261.5,263.45 3 2
github.com/radekg/app-kit-orytest/keto/keto.go:267.5,268.86 2 0
github.com/radekg/app-kit-orytest/keto/keto.go:246.26,249.6 2 0
github.com/radekg/app-kit-orytest/keto/keto.go:252.27,255.6 2 1
github.com/radekg/app-kit-orytest/keto/keto.go:257.27,260.6 2 0
github.com/radekg/app-kit-orytest/keto/keto.go:263.45,266.6 2 2
github.com/radekg/app-kit-orytest/keto/keto.go:270.27,273.5 2 2
github.com/radekg/app-kit-orytest/keto/keto.go:281.33,282.81 1 1
github.com/radekg/app-kit-orytest/keto/keto.go:283.48,285.74 2 0
github.com/radekg/app-kit-orytest/keto/keto.go:286.38,288.71 2 0
github.com/radekg/app-kit-orytest/keto/keto.go:296.32,297.81 1 1
github.com/radekg/app-kit-orytest/keto/keto.go:298.47,300.74 2 0
github.com/radekg/app-kit-orytest/keto/keto.go:301.38,303.71 2 0
github.com/radekg/app-kit-orytest/keto/keto.go:307.28,308.39 1 1
github.com/radekg/app-kit-orytest/keto/keto.go:308.39,310.5 1 7
github.com/radekg/app-kit-orytest/keto/keto.go:338.39,340.2 1 1
github.com/radekg/app-kit-orytest/keto/keto.go:342.63,344.2 1 9
github.com/radekg/app-kit-orytest/keto/keto.go:346.62,348.2 1 1
github.com/radekg/app-kit-orytest/keto/keto.go:350.53,352.2 1 0
github.com/radekg/app-kit-orytest/keto/keto.go:354.48,356.2 1 0
github.com/radekg/app-kit-orytest/keto/keto.go:358.47,360.2 1 0
github.com/radekg/app-kit-orytest/keto/keto.go:362.111,364.41 1 1
github.com/radekg/app-kit-orytest/keto/keto.go:364.41,366.36 2 1
github.com/radekg/app-kit-orytest/keto/keto.go:372.4,372.16 1 1
github.com/radekg/app-kit-orytest/keto/keto.go:366.36,371.5 1 1
github.com/radekg/app-kit-orytest/keto/keto.go:377.22,380.6 2 1
github.com/radekg/app-kit-orytest/keto/keto.go:384.22,387.6 2 1
github.com/radekg/app-kit-orytest/common/common.go:19.51,21.21 2 6
github.com/radekg/app-kit-orytest/common/common.go:24.2,24.14 1 0
github.com/radekg/app-kit-orytest/common/common.go:21.21,23.3 1 6
github.com/radekg/app-kit-orytest/common/common.go:28.36,30.2 1 36
github.com/radekg/app-kit-orytest/common/common.go:33.30,35.2 1 0
github.com/radekg/app-kit-orytest/common/common.go:38.33,40.2 1 1
github.com/radekg/app-kit-orytest/common/common.go:62.58,64.16 2 3
github.com/radekg/app-kit-orytest/common/common.go:67.2,70.8 1 3
github.com/radekg/app-kit-orytest/common/common.go:64.16,66.3 1 0
github.com/radekg/app-kit-orytest/common/common.go:73.42,76.15 3 6
github.com/radekg/app-kit-orytest/common/common.go:76.15,79.3 2 3
github.com/radekg/app-kit-orytest/common/common.go:82.49,85.14 3 3
github.com/radekg/app-kit-orytest/common/common.go:88.2,89.16 2 3
github.com/radekg/app-kit-orytest/common/common.go:92.2,95.12 4 3
github.com/radekg/app-kit-orytest/common/common.go:85.14,87.3 1 0
github.com/radekg/app-kit-orytest/common/common.go:89.16,91.3 1 0
github.com/radekg/app-kit-orytest/common/common.go:98.64,102.2 3 0
github.com/radekg/app-kit-orytest/common/common.go:104.64,108.2 3 3
github.com/radekg/app-kit-orytest/common/common.go:111.91,119.12 6 1
github.com/radekg/app-kit-orytest/common/common.go:147.2,147.9 1 1
github.com/radekg/app-kit-orytest/common/common.go:156.2,156.28 1 1
github.com/radekg/app-kit-orytest/common/common.go:160.2,160.68 1 1
github.com/radekg/app-kit-orytest/common/common.go:164.2,164.12 1 1
github.com/radekg/app-kit-orytest/common/common.go:119.12,120.43 1 1
github.com/radekg/app-kit-orytest/common/common.go:140.3,140.26 1 1
github.com/radekg/app-kit-orytest/common/common.go:144.3,144.28 1 0
github.com/radekg/app-kit-orytest/common/common.go:120.43,122.41 2 6
github.com/radekg/app-kit-orytest/common/common.go:138.4,138.37 1 0
github.com/radekg/app-kit-orytest/common/common.go:122.41,123.36 1 14
github.com/radekg/app-kit-orytest/common/common.go:123.36,125.38 2 6
github.com/radekg/app-kit-orytest/common/common.go:128.6,128.41 1 1
github.com/radekg/app-kit-orytest/common/common.go:133.6,135.16 3 1
github.com/radekg/app-kit-orytest/common/common.go:125.38,127.7 1 5
github.com/radekg/app-kit-orytest/common/common.go:128.41,131.15 3 0
github.com/radekg/app-kit-orytest/common/common.go:140.26,143.4 2 1
github.com/radekg/app-kit-orytest/common/common.go:148.21,149.114 1 1
github.com/radekg/app-kit-orytest/common/common.go:150.36,151.23 1 0
github.com/radekg/app-kit-orytest/common/common.go:152.38,153.73 1 0
github.com/radekg/app-kit-orytest/common/common.go:156.28,158.3 1 0
github.com/radekg/app-kit-orytest/common/common.go:160.68,162.3 1 0
github.com/radekg/app-kit-orytest/common/common.go:168.61,169.28 1 0
github.com/radekg/app-kit-orytest/common/common.go:172.2,172.29 1 0
github.com/radekg/app-kit-orytest/common/common.go:169.28,171.3 1 0
github.com/radekg/app-kit-orytest/common/common.go:172.29,173.23 1 0
github.com/radekg/app-kit-orytest/common/common.go:173.23,175.4 1 0
github.com/radekg/app-kit-orytest/common/common.go:180.64,181.28 1 0
github.com/radekg/app-kit-orytest/common/common.go:184.2,184.29 1 0
github.com/radekg/app-kit-orytest/common/common.go:189.2,189.13 1 0
github.com/radekg/app-kit-orytest/common/common.go:181.28,183.3 1 0
github.com/radekg/app-kit-orytest/common/common.go:184.29,185.23 1 0
github.com/radekg/app-kit-orytest/common/common.go:185.23,187.4 1 0
github.com/radekg/app-kit-orytest/postgres/postgres.go:42.53,53.45 6 1
github.com/radekg/app-kit-orytest/postgres/postgres.go:60.2,60.72 1 1
github.com/radekg/app-kit-orytest/postgres/postgres.go:66.2,67.16 2 1
github.com/radekg/app-kit-orytest/postgres/postgres.go:71.2,71.37 1 1
github.com/radekg/app-kit-orytest/postgres/postgres.go:76.2,76.52 1 1
github.com/radekg/app-kit-orytest/postgres/postgres.go:81.2,102.20 5 1
github.com/radekg/app-kit-orytest/postgres/postgres.go:108.2,108.92 1 1
github.com/radekg/app-kit-orytest/postgres/postgres.go:109.2,109.24 1 1
github.com/radekg/app-kit-orytest/postgres/postgres.go:114.2,114.37 1 1
github.com/radekg/app-kit-orytest/postgres/postgres.go:121.2,121.6 1 1
github.com/radekg/app-kit-orytest/postgres/postgres.go:133.2,135.39 3 1
github.com/radekg/app-kit-orytest/postgres/postgres.go:143.2,144.28 1 1
github.com/radekg/app-kit-orytest/postgres/postgres.go:53.45,54.38 1 0
github.com/radekg/app-kit-orytest/postgres/postgres.go:54.38,56.4 1 0
github.com/radekg/app-kit-orytest/postgres/postgres.go:60.72,62.3 1 2
github.com/radekg/app-kit-orytest/postgres/postgres.go:67.16,70.3 2 0
github.com/radekg/app-kit-orytest/postgres/postgres.go:71.37,74.3 2 1
github.com/radekg/app-kit-orytest/postgres/postgres.go:76.52,79.3 2 0
github.com/radekg/app-kit-orytest/postgres/postgres.go:102.20,105.3 2 0
github.com/radekg/app-kit-orytest/postgres/postgres.go:108.93,108.94 0 1
github.com/radekg/app-kit-orytest/postgres/postgres.go:109.24,112.3 2 0
github.com/radekg/app-kit-orytest/postgres/postgres.go:114.37,118.3 3 1
github.com/radekg/app-kit-orytest/postgres/postgres.go:121.6,124.24 2 1
github.com/radekg/app-kit-orytest/postgres/postgres.go:129.3,130.28 2 0
github.com/radekg/app-kit-orytest/postgres/postgres.go:124.24,127.9 3 1
github.com/radekg/app-kit-orytest/postgres/postgres.go:135.39,136.44 1 15
github.com/radekg/app-kit-orytest/postgres/postgres.go:136.44,137.56 1 1
github.com/radekg/app-kit-orytest/postgres/postgres.go:137.56,139.5 1 1
github.com/radekg/app-kit-orytest/postgres/postgres.go:144.28,145.39 1 1
github.com/radekg/app-kit-orytest/postgres/postgres.go:145.39,147.5 1 2
github.com/radekg/app-kit-orytest/postgres/postgres.go:169.43,171.2 1 1
github.com/radekg/app-kit-orytest/postgres/postgres.go:173.54,175.2 1 2
github.com/radekg/app-kit-orytest/postgres/postgres.go:176.63,178.2 1 2
github.com/radekg/app-kit-orytest/postgres/postgres.go:179.62,181.2 1 0
github.com/radekg/app-kit-orytest/postgres/postgres.go:182.59,184.2 1 2
github.com/radekg/app-kit-orytest/postgres/postgres.go:185.55,187.2 1 2
github.com/radekg/app-kit-orytest/postgres/postgres.go:188.55,190.2 1 2
github.com/radekg/app-kit-orytest/hydra/hydra.go:40.87,48.45 2 0
github.com/radekg/app-kit-orytest/hydra/hydra.go:55.2,55.72 1 0
github.com/radekg/app-kit-orytest/hydra/hydra.go:60.2,61.24 2 0
github.com/radekg/app-kit-orytest/hydra/hydra.go:66.2,66.37 1 0
github.com/radekg/app-kit-orytest/hydra/hydra.go:72.2,73.16 2 0
github.com/radekg/app-kit-orytest/hydra/hydra.go:77.2,77.37 1 0
github.com/radekg/app-kit-orytest/hydra/hydra.go:81.2,82.16 2 0
github.com/radekg/app-kit-orytest/hydra/hydra.go:86.2,86.37 1 0
github.com/radekg/app-kit-orytest/hydra/hydra.go:91.2,91.50 1 0
github.com/radekg/app-kit-orytest/hydra/hydra.go:95.2,95.49 1 0
github.com/radekg/app-kit-orytest/hydra/hydra.go:100.2,107.20 4 0
github.com/radekg/app-kit-orytest/hydra/hydra.go:112.2,112.105 1 0
github.com/radekg/app-kit-orytest/hydra/hydra.go:117.2,121.20 3 0
github.com/radekg/app-kit-orytest/hydra/hydra.go:126.2,143.92 2 0
github.com/radekg/app-kit-orytest/hydra/hydra.go:147.2,147.21 1 0
github.com/radekg/app-kit-orytest/hydra/hydra.go:152.2,152.37 1 0
github.com/radekg/app-kit-orytest/hydra/hydra.go:158.2,158.89 1 0
github.com/radekg/app-kit-orytest/hydra/hydra.go:164.2,198.78 4 0
github.com/radekg/app-kit-orytest/hydra/hydra.go:199.2,199.21 1 0
github.com/radekg/app-kit-orytest/hydra/hydra.go:203.2,203.37 1 0
github.com/radekg/app-kit-orytest/hydra/hydra.go:209.2,219.12 7 0
github.com/radekg/app-kit-orytest/hydra/hydra.go:253.2,253.9 1 0
github.com/radekg/app-kit-orytest/hydra/hydra.go:265.2,267.28 1 0
github.com/radekg/app-kit-orytest/hydra/hydra.go:48.45,49.38 1 0
github.com/radekg/app-kit-orytest/hydra/hydra.go:49.38,51.4 1 0
github.com/radekg/app-kit-orytest/hydra/hydra.go:55.72,57.3 1 0
github.com/radekg/app-kit-orytest/hydra/hydra.go:61.24,64.3 2 0
github.com/radekg/app-kit-orytest/hydra/hydra.go:66.37,69.3 2 0
github.com/radekg/app-kit-orytest/hydra/hydra.go:73.16,76.3 2 0
github.com/radekg/app-kit-orytest/hydra/hydra.go:77.37,80.3 2 0
github.com/radekg/app-kit-orytest/hydra/hydra.go:82.16,85.3 2 0
github.com/radekg/app-kit-orytest/hydra/hydra.go:86.37,89.3 2 0
github.com/radekg/app-kit-orytest/hydra/hydra.go:91.50,94.3 2 0
github.com/radekg/app-kit-orytest/hydra/hydra.go:95.49,98.3 2 0
github.com/radekg/app-kit-orytest/hydra/hydra.go:107.20,110.3 2 0
github.com/radekg/app-kit-orytest/hydra/hydra.go:112.105,115.3 2 0
github.com/radekg/app-kit-orytest/hydra/hydra.go:121.20,124.3 2 0
github.com/radekg/app-kit-orytest/hydra/hydra.go:143.92,146.3 1 0
github.com/radekg/app-kit-orytest/hydra/hydra.go:147.21,150.3 2 0
github.com/radekg/app-kit-orytest/hydra/hydra.go:152.37,156.3 3 0
github.com/radekg/app-kit-orytest/hydra/hydra.go:158.89,161.3 2 0
github.com/radekg/app-kit-orytest/hydra/hydra.go:198.79,198.80 0 0
github.com/radekg/app-kit-orytest/hydra/hydra.go:199.21,202.3 2 0
github.com/radekg/app-kit-orytest/hydra/hydra.go:203.37,207.3 3 0
github.com/radekg/app-kit-orytest/hydra/hydra.go:219.12,220.43 1 0
github.com/radekg/app-kit-orytest/hydra/hydra.go:246.3,246.26 1 0
github.com/radekg/app-kit-orytest/hydra/hydra.go:250.3,250.40 1 0
github.com/radekg/app-kit-orytest/hydra/hydra.go:220.43,222.25 2 0
github.com/radekg/app-kit-orytest/hydra/hydra.go:226.4,228.26 3 0
github.com/radekg/app-kit-orytest/hydra/hydra.go:232.4,233.26 2 0
github.com/radekg/app-kit-orytest/hydra/hydra.go:237.4,239.44 3 0
github.com/radekg/app-kit-orytest/hydra/hydra.go:243.4,244.86 2 0
github.com/radekg/app-kit-orytest/hydra/hydra.go:222.25,225.5 2 0
github.com/radekg/app-kit-orytest/hydra/hydra.go:228.26,231.5 2 0
github.com/radekg/app-kit-orytest/hydra/hydra.go:233.26,236.5 2 0
github.com/radekg/app-kit-orytest/hydra/hydra.go:239.44,242.5 2 0
github.com/radekg/app-kit-orytest/hydra/hydra.go:246.26,249.4 2 0
github.com/radekg/app-kit-orytest/hydra/hydra.go:254.33,255.82 1 0
github.com/radekg/app-kit-orytest/hydra/hydra.go:256.48,258.75 2 0
github.com/radekg/app-kit-orytest/hydra/hydra.go:259.38,261.72 2 0
github.com/radekg/app-kit-orytest/hydra/hydra.go:267.28,268.39 1 0
github.com/radekg/app-kit-orytest/hydra/hydra.go:268.39,270.5 1 0
github.com/radekg/app-kit-orytest/hydra/hydra.go:287.49,289.2 1 0
github.com/radekg/app-kit-orytest/hydra/hydra.go:291.40,293.2 1 0
github.com/radekg/app-kit-orytest/hydra/hydra.go:295.54,297.2 1 0
github.com/radekg/app-kit-orytest/hydra/hydra.go:299.50,301.2 1 0
github.com/radekg/app-kit-orytest/hydra/hydra.go:349.57,352.2 2 0
github.com/radekg/app-kit-orytest/hydra/hydra.go:354.76,384.2 1 0
github.com/radekg/app-kit-orytest/mailslurper/mailslurper.go:54.56,62.72 3 0
github.com/radekg/app-kit-orytest/mailslurper/mailslurper.go:67.2,67.45 1 0
github.com/radekg/app-kit-orytest/mailslurper/mailslurper.go:74.2,75.16 2 0
github.com/radekg/app-kit-orytest/mailslurper/mailslurper.go:79.2,79.37 1 0
github.com/radekg/app-kit-orytest/mailslurper/mailslurper.go:84.2,85.16 2 0
github.com/radekg/app-kit-orytest/mailslurper/mailslurper.go:89.2,89.37 1 0
github.com/radekg/app-kit-orytest/mailslurper/mailslurper.go:94.2,95.16 2 0
github.com/radekg/app-kit-orytest/mailslurper/mailslurper.go:99.2,99.37 1 0
github.com/radekg/app-kit-orytest/mailslurper/mailslurper.go:104.2,104.58 1 0
github.com/radekg/app-kit-orytest/mailslurper/mailslurper.go:108.2,108.62 1 0
github.com/radekg/app-kit-orytest/mailslurper/mailslurper.go:112.2,112.59 1 0
github.com/radekg/app-kit-orytest/mailslurper/mailslurper.go:117.2,123.20 5 0
github.com/radekg/app-kit-orytest/mailslurper/mailslurper.go:129.2,130.24 2 0
github.com/radekg/app-kit-orytest/mailslurper/mailslurper.go:135.2,136.114 2 0
github.com/radekg/app-kit-orytest/mailslurper/mailslurper.go:140.2,140.37 1 0
github.com/radekg/app-kit-orytest/mailslurper/mailslurper.go:145.2,170.96 6 0
github.com/radekg/app-kit-orytest/mailslurper/mailslurper.go:171.2,171.22 1 0
github.com/radekg/app-kit-orytest/mailslurper/mailslurper.go:176.2,176.37 1 0
github.com/radekg/app-kit-orytest/mailslurper/mailslurper.go:184.2,186.39 3 0
github.com/radekg/app-kit-orytest/mailslurper/mailslurper.go:194.2,195.24 1 0
github.com/radekg/app-kit-orytest/mailslurper/mailslurper.go:62.72,64.3 1 0
github.com/radekg/app-kit-orytest/mailslurper/mailslurper.go:67.45,68.38 1 0
github.com/radekg/app-kit-orytest/mailslurper/mailslurper.go:68.38,70.4 1 0
github.com/radekg/app-kit-orytest/mailslurper/mailslurper.go:75.16,78.3 2 0
github.com/radekg/app-kit-orytest/mailslurper/mailslurper.go:79.37,82.3 2 0
github.com/radekg/app-kit-orytest/mailslurper/mailslurper.go:85.16,88.3 2 0
github.com/radekg/app-kit-orytest/mailslurper/mailslurper.go:89.37,92.3 2 0
github.com/radekg/app-kit-orytest/mailslurper/mailslurper.go:95.16,98.3 2 0
github.com/radekg/app-kit-orytest/mailslurper/mailslurper.go:99.37,102.3 2 0
github.com/radekg/app-kit-orytest/mailslurper/mailslurper.go:104.58,107.3 2 0
github.com/radekg/app-kit-orytest/mailslurper/mailslurper.go:108.62,111.3 2 0
github.com/radekg/app-kit-orytest/mailslurper/mailslurper.go:112.59,115.3 2 0
github.com/radekg/app-kit-orytest/mailslurper/mailslurper.go:123.20,126.3 2 0
github.com/radekg/app-kit-orytest/mailslurper/mailslurper.go:130.24,133.3 2 0
github.com/radekg/app-kit-orytest/mailslurper/mailslurper.go:136.114,139.3 2 0
github.com/radekg/app-kit-orytest/mailslurper/mailslurper.go:140.37,143.3 2 0
github.com/radekg/app-kit-orytest/mailslurper/mailslurper.go:170.97,170.98 0 0
github.com/radekg/app-kit-orytest/mailslurper/mailslurper.go:171.22,174.3 2 0
github.com/radekg/app-kit-orytest/mailslurper/mailslurper.go:176.37,178.24 2 0
github.com/radekg/app-kit-orytest/mailslurper/mailslurper.go:178.24,181.4 2 0
github.com/radekg/app-kit-orytest/mailslurper/mailslurper.go:186.39,187.47 1 0
github.com/radekg/app-kit-orytest/mailslurper/mailslurper.go:187.47,188.56 1 0
github.com/radekg/app-kit-orytest/mailslurper/mailslurper.go:188.56,190.5 1 0
github.com/radekg/app-kit-orytest/mailslurper/mailslurper.go:195.24,196.39 1 0
github.com/radekg/app-kit-orytest/mailslurper/mailslurper.go:196.39,198.5 1 0
github.com/radekg/app-kit-orytest/mailslurper/mailslurper.go:216.46,218.2 1 0
github.com/radekg/app-kit-orytest/mailslurper/mailslurper.go:219.57,221.2 1 0
github.com/radekg/app-kit-orytest/mailslurper/mailslurper.go:222.62,224.2 1 0
github.com/radekg/app-kit-orytest/mailslurper/mailslurper.go:225.66,227.2 1 0
github.com/radekg/app-kit-orytest/mailslurper/mailslurper.go:228.63,230.2 1 0
github.com/radekg/app-kit-orytest/mailslurper/mailslurper.go:232.92,236.21 3 0
github.com/radekg/app-kit-orytest/mailslurper/mailslurper.go:239.2,239.22 1 0
github.com/radekg/app-kit-orytest/mailslurper/mailslurper.go:236.21,238.3 1 0
github.com/radekg/app-kit-orytest/mailslurper/mailslurper.go:242.96,246.21 3 0
github.com/radekg/app-kit-orytest/mailslurper/mailslurper.go:249.2,249.22 1 0
github.com/radekg/app-kit-orytest/mailslurper/mailslurper.go:246.21,248.3 1 0
github.com/radekg/app-kit-orytest/mailslurper/mailslurper.go:252.63,255.16 3 0
github.com/radekg/app-kit-orytest/mailslurper/mailslurper.go:258.2,260.58 3 0
github.com/radekg/app-kit-orytest/mailslurper/mailslurper.go:255.16,257.3 1 0
github.com/radekg/app-kit-orytest/mailslurper/mailslurper.go:263.127,265.2 1 0
github.com/radekg/app-kit-orytest/mailslurper/mailslurper.go:267.131,269.2 1 0
github.com/radekg/app-kit-orytest/mailslurper/mailslurper.go:271.139,276.12 3 0
github.com/radekg/app-kit-orytest/mailslurper/mailslurper.go:307.2,307.17 1 0
github.com/radekg/app-kit-orytest/mailslurper/mailslurper.go:276.12,278.7 2 0
github.com/radekg/app-kit-orytest/mailslurper/mailslurper.go:278.7,279.40 1 0
github.com/radekg/app-kit-orytest/mailslurper/mailslurper.go:286.4,287.18 2 0
github.com/radekg/app-kit-orytest/mailslurper/mailslurper.go:292.4,292.30 1 0
github.com/radekg/app-kit-orytest/mailslurper/mailslurper.go:279.40,280.48 1 0
github.com/radekg/app-kit-orytest/mailslurper/mailslurper.go:283.5,284.11 2 0
github.com/radekg/app-kit-orytest/mailslurper/mailslurper.go:280.48,282.6 1 0
github.com/radekg/app-kit-orytest/mailslurper/mailslurper.go:287.18,291.5 3 0
github.com/radekg/app-kit-orytest/mailslurper/mailslurper.go:292.30,294.5 1 0
github.com/radekg/app-kit-orytest/mailslurper/mailslurper.go:294.10,295.45 1 0
github.com/radekg/app-kit-orytest/mailslurper/mailslurper.go:295.45,296.149 1 0
github.com/radekg/app-kit-orytest/mailslurper/mailslurper.go:296.149,300.7 3 0
github.com/radekg/app-kit-orytest/mailslurper/mailslurper.go:310.74,331.2 1 0
github.com/radekg/app-kit-orytest/kratos/kratos.go:52.59,63.45 3 0
github.com/radekg/app-kit-orytest/kratos/kratos.go:70.2,70.72 1 0
github.com/radekg/app-kit-orytest/kratos/kratos.go:75.2,76.16 2 0
github.com/radekg/app-kit-orytest/kratos/kratos.go:80.2,80.37 1 0
github.com/radekg/app-kit-orytest/kratos/kratos.go:86.2,87.16 2 0
github.com/radekg/app-kit-orytest/kratos/kratos.go:91.2,91.37 1 0
github.com/radekg/app-kit-orytest/kratos/kratos.go:96.2,96.55 1 0
github.com/radekg/app-kit-orytest/kratos/kratos.go:100.2,100.56 1 0
github.com/radekg/app-kit-orytest/kratos/kratos.go:105.2,110.20 4 0
github.com/radekg/app-kit-orytest/kratos/kratos.go:116.2,117.24 2 0
github.com/radekg/app-kit-orytest/kratos/kratos.go:122.2,122.108 1 0
github.com/radekg/app-kit-orytest/kratos/kratos.go:126.2,126.37 1 0
github.com/radekg/app-kit-orytest/kratos/kratos.go:131.2,135.24 3 0
github.com/radekg/app-kit-orytest/kratos/kratos.go:140.2,144.20 3 0
github.com/radekg/app-kit-orytest/kratos/kratos.go:149.2,149.107 1 0
github.com/radekg/app-kit-orytest/kratos/kratos.go:153.2,153.37 1 0
github.com/radekg/app-kit-orytest/kratos/kratos.go:158.2,178.94 3 0
github.com/radekg/app-kit-orytest/kratos/kratos.go:182.2,182.22 1 0
github.com/radekg/app-kit-orytest/kratos/kratos.go:187.2,187.37 1 0
github.com/radekg/app-kit-orytest/kratos/kratos.go:193.2,193.90 1 0
github.com/radekg/app-kit-orytest/kratos/kratos.go:199.2,231.80 4 0
github.com/radekg/app-kit-orytest/kratos/kratos.go:234.2,234.22 1 0
github.com/radekg/app-kit-orytest/kratos/kratos.go:238.2,238.37 1 0
github.com/radekg/app-kit-orytest/kratos/kratos.go:246.2,255.12 7 0
github.com/radekg/app-kit-orytest/kratos/kratos.go:284.2,284.9 1 0
github.com/radekg/app-kit-orytest/kratos/kratos.go:295.2,297.28 1 0
github.com/radekg/app-kit-orytest/kratos/kratos.go:63.45,64.38 1 0
github.com/radekg/app-kit-orytest/kratos/kratos.go:64.38,66.4 1 0
github.com/radekg/app-kit-orytest/kratos/kratos.go:70.72,72.3 1 0
github.com/radekg/app-kit-orytest/kratos/kratos.go:76.16,79.3 2 0
github.com/radekg/app-kit-orytest/kratos/kratos.go:80.37,83.3 2 0
github.com/radekg/app-kit-orytest/kratos/kratos.go:87.16,90.3 2 0
github.com/radekg/app-kit-orytest/kratos/kratos.go:91.37,94.3 2 0
github.com/radekg/app-kit-orytest/kratos/kratos.go:96.55,99.3 2 0
github.com/radekg/app-kit-orytest/kratos/kratos.go:100.56,103.3 2 0
github.com/radekg/app-kit-orytest/kratos/kratos.go:110.20,113.3 2 0
github.com/radekg/app-kit-orytest/kratos/kratos.go:117.24,120.3 2 0
github.com/radekg/app-kit-orytest/kratos/kratos.go:122.108,125.3 2 0
github.com/radekg/app-kit-orytest/kratos/kratos.go:126.37,129.3 2 0
github.com/radekg/app-kit-orytest/kratos/kratos.go:135.24,138.3 2 0
github.com/radekg/app-kit-orytest/kratos/kratos.go:144.20,147.3 2 0
github.com/radekg/app-kit-orytest/kratos/kratos.go:149.107,152.3 2 0
github.com/radekg/app-kit-orytest/kratos/kratos.go:153.37,156.3 2 0
github.com/radekg/app-kit-orytest/kratos/kratos.go:178.94,181.3 1 0
github.com/radekg/app-kit-orytest/kratos/kratos.go:182.22,185.3 2 0
github.com/radekg/app-kit-orytest/kratos/kratos.go:187.37,191.3 3 0
github.com/radekg/app-kit-orytest/kratos/kratos.go:193.90,196.3 2 0
github.com/radekg/app-kit-orytest/kratos/kratos.go:231.80,233.3 1 0
github.com/radekg/app-kit-orytest/kratos/kratos.go:234.22,237.3 2 0
github.com/radekg/app-kit-orytest/kratos/kratos.go:238.37,240.24 2 0
github.com/radekg/app-kit-orytest/kratos/kratos.go:240.24,243.4 2 0
github.com/radekg/app-kit-orytest/kratos/kratos.go:255.12,256.43 1 0
github.com/radekg/app-kit-orytest/kratos/kratos.go:277.3,277.26 1 0
github.com/radekg/app-kit-orytest/kratos/kratos.go:281.3,281.41 1 0
github.com/radekg/app-kit-orytest/kratos/kratos.go:256.43,258.25 2 0
github.com/radekg/app-kit-orytest/kratos/kratos.go:262.4,264.26 3 0
github.com/radekg/app-kit-orytest/kratos/kratos.go:268.4,270.44 3 0
github.com/radekg/app-kit-orytest/kratos/kratos.go:274.4,275.87 2 0
github.com/radekg/app-kit-orytest/kratos/kratos.go:258.25,261.5 2 0
github.com/radekg/app-kit-orytest/kratos/kratos.go:264.26,267.5 2 0
github.com/radekg/app-kit-orytest/kratos/kratos.go:270.44,273.5 2 0
github.com/radekg/app-kit-orytest/kratos/kratos.go:277.26,280.4 2 0
github.com/radekg/app-kit-orytest/kratos/kratos.go:285.34,286.83 1 0
github.com/radekg/app-kit-orytest/kratos/kratos.go:287.49,289.76 2 0
github.com/radekg/app-kit-orytest/kratos/kratos.go:290.38,292.73 2 0
github.com/radekg/app-kit-orytest/kratos/kratos.go:297.28,298.39 1 0
github.com/radekg/app-kit-orytest/kratos/kratos.go:298.39,300.5 1 0
github.com/radekg/app-kit-orytest/kratos/kratos.go:327.50,329.2 1 0
github.com/radekg/app-kit-orytest/kratos/kratos.go:331.41,333.2 1 0
github.com/radekg/app-kit-orytest/kratos/kratos.go:335.71,337.2 1 0
github.com/radekg/app-kit-orytest/kratos/kratos.go:339.73,341.2 1 0
github.com/radekg/app-kit-orytest/kratos/kratos.go:343.55,345.2 1 0
github.com/radekg/app-kit-orytest/kratos/kratos.go:347.51,349.2 1 0
github.com/radekg/app-kit-orytest/kratos/kratos.go:353.67,360.31 2 0
github.com/radekg/app-kit-orytest/kratos/kratos.go:360.31,361.43 1 0
github.com/radekg/app-kit-orytest/kratos/kratos.go:364.6,364.40 1 0
github.com/radekg/app-kit-orytest/kratos/kratos.go:361.43,363.7 1 0
github.com/radekg/app-kit-orytest/kratos/kratos.go:554.65,565.2 6 0
github.com/radekg/app-kit-orytest/kratos/kratos.go:567.48,569.2 1 0
github.com/radekg/app-kit-orytest/kratos/kratos.go:571.72,575.2 1 0
github.com/radekg/app-kit-orytest/kratos/kratos.go:577.90,578.20 1 0
github.com/radekg/app-kit-orytest/kratos/kratos.go:579.11,580.34 1 0
github.com/radekg/app-kit-orytest/kratos/kratos.go:586.20,587.32 1 0
github.com/radekg/app-kit-orytest/kratos/kratos.go:593.20,594.32 1 0
github.com/radekg/app-kit-orytest/kratos/kratos.go:600.23,601.35 1 0
github.com/radekg/app-kit-orytest/kratos/kratos.go:607.27,608.39 1 0
github.com/radekg/app-kit-orytest/kratos/kratos.go:620.23,621.35 1 0
github.com/radekg/app-kit-orytest/kratos/kratos.go:627.27,628.39 1 0
github.com/radekg/app-kit-orytest/kratos/kratos.go:580.34,582.4 1 0
github.com/radekg/app-kit-orytest/kratos/kratos.go:582.9,585.4 2 0
github.com/radekg/app-kit-orytest/kratos/kratos.go:587.32,589.4 1 0
github.com/radekg/app-kit-orytest/kratos/kratos.go:589.9,592.4 2 0
github.com/radekg/app-kit-orytest/kratos/kratos.go:594.32,596.4 1 0
github.com/radekg/app-kit-orytest/kratos/kratos.go:596.9,599.4 2 0
github.com/radekg/app-kit-orytest/kratos/kratos.go:601.35,603.4 1 0
github.com/radekg/app-kit-orytest/kratos/kratos.go:603.9,606.4 2 0
github.com/radekg/app-kit-orytest/kratos/kratos.go:608.39,610.4 1 0
github.com/radekg/app-kit-orytest/kratos/kratos.go:610.9,616.18 3 0
github.com/radekg/app-kit-orytest/kratos/kratos.go:616.18,618.5 1 0
github.com/radekg/app-kit-orytest/kratos/kratos.go:621.35,623.4 1 0
github.com/radekg/app-kit-orytest/kratos/kratos.go:623.9,626.4 2 0
github.com/radekg/app-kit-orytest/kratos/kratos.go:628.39,630.4 1 0
github.com/radekg/app-kit-orytest/kratos/kratos.go:630.9,633.4 2 0
github.com/radekg/app-kit-orytest/kratos/kratos.go:637.96,640.2 2 0
github.com/radekg/app-kit-orytest/kratos/kratos.go:642.63,644.2 1 0
github.com/radekg/app-kit-orytest/kratos/kratos.go:645.73,647.2 1 0
github.com/radekg/app-kit-orytest/kratos/kratos.go:648.58,650.2 1 0
github.com/radekg/app-kit-orytest/kratos/kratos.go:651.58,653.2 1 0
github.com/radekg/app-kit-orytest/kratos/kratos.go:654.61,656.2 1 0
github.com/radekg/app-kit-orytest/kratos/kratos.go:657.65,659.2 1 0
github.com/radekg/app-kit-orytest/kratos/kratos.go:660.61,662.2 1 0
github.com/radekg/app-kit-orytest/kratos/kratos.go:663.65,665.2 1 0
github.com/radekg/app-kit-orytest/kratos/kratos.go:666.73,668.2 1 0
github.com/radekg/app-kit-orytest/kratos/kratos.go:670.124,673.2 2 0
github.com/radekg/app-kit-orytest/kratos/kratos.go:674.122,677.2 2 0
github.com/radekg/app-kit-orytest/kratos/kratos.go:678.122,681.2 2 0
github.com/radekg/app-kit-orytest/kratos/kratos.go:682.125,685.2 2 0
github.com/radekg/app-kit-orytest/kratos/kratos.go:686.129,689.2 2 0
github.com/radekg/app-kit-orytest/kratos/kratos.go:690.125,693.2 2 0
github.com/radekg/app-kit-orytest/kratos/kratos.go:694.129,697.2 2 0
github.com/radekg/app-kit-orytest/common/common.go:19.51,21.21 2 8
github.com/radekg/app-kit-orytest/common/common.go:24.2,24.14 1 0
github.com/radekg/app-kit-orytest/common/common.go:21.21,23.3 1 8
github.com/radekg/app-kit-orytest/common/common.go:28.36,30.2 1 3
github.com/radekg/app-kit-orytest/common/common.go:33.30,35.2 1 0
github.com/radekg/app-kit-orytest/common/common.go:38.33,40.2 1 2
github.com/radekg/app-kit-orytest/common/common.go:62.58,64.16 2 6
github.com/radekg/app-kit-orytest/common/common.go:67.2,70.8 1 6
github.com/radekg/app-kit-orytest/common/common.go:64.16,66.3 1 0
github.com/radekg/app-kit-orytest/common/common.go:73.42,76.15 3 12
github.com/radekg/app-kit-orytest/common/common.go:76.15,79.3 2 6
github.com/radekg/app-kit-orytest/common/common.go:82.49,85.14 3 6
github.com/radekg/app-kit-orytest/common/common.go:88.2,89.16 2 6
github.com/radekg/app-kit-orytest/common/common.go:92.2,95.12 4 6
github.com/radekg/app-kit-orytest/common/common.go:85.14,87.3 1 0
github.com/radekg/app-kit-orytest/common/common.go:89.16,91.3 1 0
github.com/radekg/app-kit-orytest/common/common.go:98.64,102.2 3 0
github.com/radekg/app-kit-orytest/common/common.go:104.64,108.2 3 6
github.com/radekg/app-kit-orytest/common/common.go:111.91,119.12 6 1
github.com/radekg/app-kit-orytest/common/common.go:147.2,147.9 1 1
github.com/radekg/app-kit-orytest/common/common.go:156.2,156.28 1 1
github.com/radekg/app-kit-orytest/common/common.go:160.2,160.68 1 1
github.com/radekg/app-kit-orytest/common/common.go:164.2,164.12 1 1
github.com/radekg/app-kit-orytest/common/common.go:119.12,120.43 1 1
github.com/radekg/app-kit-orytest/common/common.go:140.3,140.26 1 1
github.com/radekg/app-kit-orytest/common/common.go:144.3,144.28 1 0
github.com/radekg/app-kit-orytest/common/common.go:120.43,122.41 2 5
github.com/radekg/app-kit-orytest/common/common.go:138.4,138.37 1 0
github.com/radekg/app-kit-orytest/common/common.go:122.41,123.36 1 5
github.com/radekg/app-kit-orytest/common/common.go:123.36,125.38 2 5
github.com/radekg/app-kit-orytest/common/common.go:128.6,128.41 1 1
github.com/radekg/app-kit-orytest/common/common.go:133.6,135.16 3 1
github.com/radekg/app-kit-orytest/common/common.go:125.38,127.7 1 4
github.com/radekg/app-kit-orytest/common/common.go:128.41,131.15 3 0
github.com/radekg/app-kit-orytest/common/common.go:140.26,143.4 2 1
github.com/radekg/app-kit-orytest/common/common.go:148.21,149.114 1 1
github.com/radekg/app-kit-orytest/common/common.go:150.36,151.23 1 0
github.com/radekg/app-kit-orytest/common/common.go:152.38,153.73 1 0
github.com/radekg/app-kit-orytest/common/common.go:156.28,158.3 1 0
github.com/radekg/app-kit-orytest/common/common.go:160.68,162.3 1 0
github.com/radekg/app-kit-orytest/common/common.go:168.61,169.28 1 0
github.com/radekg/app-kit-orytest/common/common.go:172.2,172.29 1 0
github.com/radekg/app-kit-orytest/common/common.go:169.28,171.3 1 0
github.com/radekg/app-kit-orytest/common/common.go:172.29,173.23 1 0
github.com/radekg/app-kit-orytest/common/common.go:173.23,175.4 1 0
github.com/radekg/app-kit-orytest/common/common.go:180.64,181.28 1 1
github.com/radekg/app-kit-orytest/common/common.go:184.2,184.29 1 1
github.com/radekg/app-kit-orytest/common/common.go:189.2,189.13 1 1
github.com/radekg/app-kit-orytest/common/common.go:181.28,183.3 1 0
github.com/radekg/app-kit-orytest/common/common.go:184.29,185.23 1 1
github.com/radekg/app-kit-orytest/common/common.go:185.23,187.4 1 0
github.com/radekg/app-kit-orytest/postgres/postgres.go:42.53,53.45 6 1
github.com/radekg/app-kit-orytest/postgres/postgres.go:60.2,60.72 1 1
github.com/radekg/app-kit-orytest/postgres/postgres.go:66.2,67.16 2 1
github.com/radekg/app-kit-orytest/postgres/postgres.go:71.2,71.37 1 1
github.com/radekg/app-kit-orytest/postgres/postgres.go:76.2,76.52 1 1
github.com/radekg/app-kit-orytest/postgres/postgres.go:81.2,102.20 5 1
github.com/radekg/app-kit-orytest/postgres/postgres.go:108.2,108.92 1 1
github.com/radekg/app-kit-orytest/postgres/postgres.go:109.2,109.24 1 1
github.com/radekg/app-kit-orytest/postgres/postgres.go:114.2,114.37 1 1
github.com/radekg/app-kit-orytest/postgres/postgres.go:121.2,121.6 1 1
github.com/radekg/app-kit-orytest/postgres/postgres.go:133.2,135.39 3 1
github.com/radekg/app-kit-orytest/postgres/postgres.go:143.2,144.28 1 1
github.com/radekg/app-kit-orytest/postgres/postgres.go:53.45,54.38 1 0
github.com/radekg/app-kit-orytest/postgres/postgres.go:54.38,56.4 1 0
github.com/radekg/app-kit-orytest/postgres/postgres.go:60.72,62.3 1 2
github.com/radekg/app-kit-orytest/postgres/postgres.go:67.16,70.3 2 0
github.com/radekg/app-kit-orytest/postgres/postgres.go:71.37,74.3 2 1
github.com/radekg/app-kit-orytest/postgres/postgres.go:76.52,79.3 2 0
github.com/radekg/app-kit-orytest/postgres/postgres.go:102.20,105.3 2 0
github.com/radekg/app-kit-orytest/postgres/postgres.go:108.93,108.94 0 1
github.com/radekg/app-kit-orytest/postgres/postgres.go:109.24,112.3 2 0
github.com/radekg/app-kit-orytest/postgres/postgres.go:114.37,118.3 3 1
github.com/radekg/app-kit-orytest/postgres/postgres.go:121.6,124.24 2 1
github.com/radekg/app-kit-orytest/postgres/postgres.go:129.3,130.28 2 0
github.com/radekg/app-kit-orytest/postgres/postgres.go:124.24,127.9 3 1
github.com/radekg/app-kit-orytest/postgres/postgres.go:135.39,136.44 1 13
github.com/radekg/app-kit-orytest/postgres/postgres.go:136.44,137.56 1 1
github.com/radekg/app-kit-orytest/postgres/postgres.go:137.56,139.5 1 1
github.com/radekg/app-kit-orytest/postgres/postgres.go:144.28,145.39 1 1
github.com/radekg/app-kit-orytest/postgres/postgres.go:145.39,147.5 1 2
github.com/radekg/app-kit-orytest/postgres/postgres.go:169.43,171.2 1 1
github.com/radekg/app-kit-orytest/postgres/postgres.go:173.54,175.2 1 2
github.com/radekg/app-kit-orytest/postgres/postgres.go:176.63,178.2 1 2
github.com/radekg/app-kit-orytest/postgres/postgres.go:179.62,181.2 1 0
github.com/radekg/app-kit-orytest/postgres/postgres.go:182.59,184.2 1 2
github.com/radekg/app-kit-orytest/postgres/postgres.go:185.55,187.2 1 2
github.com/radekg/app-kit-orytest/postgres/postgres.go:188.55,190.2 1 2
github.com/radekg/app-kit-orytest/hydra/hydra.go:40.87,48.45 2 0
github.com/radekg/app-kit-orytest/hydra/hydra.go:55.2,55.72 1 0
github.com/radekg/app-kit-orytest/hydra/hydra.go:60.2,61.24 2 0
github.com/radekg/app-kit-orytest/hydra/hydra.go:66.2,66.37 1 0
github.com/radekg/app-kit-orytest/hydra/hydra.go:72.2,73.16 2 0
github.com/radekg/app-kit-orytest/hydra/hydra.go:77.2,77.37 1 0
github.com/radekg/app-kit-orytest/hydra/hydra.go:81.2,82.16 2 0
github.com/radekg/app-kit-orytest/hydra/hydra.go:86.2,86.37 1 0
github.com/radekg/app-kit-orytest/hydra/hydra.go:91.2,91.50 1 0
github.com/radekg/app-kit-orytest/hydra/hydra.go:95.2,95.49 1 0
github.com/radekg/app-kit-orytest/hydra/hydra.go:100.2,107.20 4 0
github.com/radekg/app-kit-orytest/hydra/hydra.go:112.2,112.105 1 0
github.com/radekg/app-kit-orytest/hydra/hydra.go:117.2,121.20 3 0
github.com/radekg/app-kit-orytest/hydra/hydra.go:126.2,143.92 2 0
github.com/radekg/app-kit-orytest/hydra/hydra.go:147.2,147.21 1 0
github.com/radekg/app-kit-orytest/hydra/hydra.go:152.2,152.37 1 0
github.com/radekg/app-kit-orytest/hydra/hydra.go:158.2,158.89 1 0
github.com/radekg/app-kit-orytest/hydra/hydra.go:164.2,198.78 4 0
github.com/radekg/app-kit-orytest/hydra/hydra.go:199.2,199.21 1 0
github.com/radekg/app-kit-orytest/hydra/hydra.go:203.2,203.37 1 0
github.com/radekg/app-kit-orytest/hydra/hydra.go:209.2,219.12 7 0
github.com/radekg/app-kit-orytest/hydra/hydra.go:253.2,253.9 1 0
github.com/radekg/app-kit-orytest/hydra/hydra.go:265.2,267.28 1 0
github.com/radekg/app-kit-orytest/hydra/hydra.go:48.45,49.38 1 0
github.com/radekg/app-kit-orytest/hydra/hydra.go:49.38,51.4 1 0
github.com/radekg/app-kit-orytest/hydra/hydra.go:55.72,57.3 1 0
github.com/radekg/app-kit-orytest/hydra/hydra.go:61.24,64.3 2 0
github.com/radekg/app-kit-orytest/hydra/hydra.go:66.37,69.3 2 0
github.com/radekg/app-kit-orytest/hydra/hydra.go:73.16,76.3 2 0
github.com/radekg/app-kit-orytest/hydra/hydra.go:77.37,80.3 2 0
github.com/radekg/app-kit-orytest/hydra/hydra.go:82.16,85.3 2 0
github.com/radekg/app-kit-orytest/hydra/hydra.go:86.37,89.3 2 0
github.com/radekg/app-kit-orytest/hydra/hydra.go:91.50,94.3 2 0
github.com/radekg/app-kit-orytest/hydra/hydra.go:95.49,98.3 2 0
github.com/radekg/app-kit-orytest/hydra/hydra.go:107.20,110.3 2 0
github.com/radekg/app-kit-orytest/hydra/hydra.go:112.105,115.3 2 0
github.com/radekg/app-kit-orytest/hydra/hydra.go:121.20,124.3 2 0
github.com/radekg/app-kit-orytest/hydra/hydra.go:143.92,146.3 1 0
github.com/radekg/app-kit-orytest/hydra/hydra.go:147.21,150.3 2 0
github.com/radekg/app-kit-orytest/hydra/hydra.go:152.37,156.3 3 0
github.com/radekg/app-kit-orytest/hydra/hydra.go:158.89,161.3 2 0
github.com/radekg/app-kit-orytest/hydra/hydra.go:198.79,198.80 0 0
github.com/radekg/app-kit-orytest/hydra/hydra.go:199.21,202.3 2 0
github.com/radekg/app-kit-orytest/hydra/hydra.go:203.37,207.3 3 0
github.com/radekg/app-kit-orytest/hydra/hydra.go:219.12,220.43 1 0
github.com/radekg/app-kit-orytest/hydra/hydra.go:246.3,246.26 1 0
github.com/radekg/app-kit-orytest/hydra/hydra.go:250.3,250.40 1 0
github.com/radekg/app-kit-orytest/hydra/hydra.go:220.43,222.25 2 0
github.com/radekg/app-kit-orytest/hydra/hydra.go:226.4,228.26 3 0
github.com/radekg/app-kit-orytest/hydra/hydra.go:232.4,233.26 2 0
github.com/radekg/app-kit-orytest/hydra/hydra.go:237.4,239.44 3 0
github.com/radekg/app-kit-orytest/hydra/hydra.go:243.4,244.86 2 0
github.com/radekg/app-kit-orytest/hydra/hydra.go:222.25,225.5 2 0
github.com/radekg/app-kit-orytest/hydra/hydra.go:228.26,231.5 2 0
github.com/radekg/app-kit-orytest/hydra/hydra.go:233.26,236.5 2 0
github.com/radekg/app-kit-orytest/hydra/hydra.go:239.44,242.5 2 0
github.com/radekg/app-kit-orytest/hydra/hydra.go:246.26,249.4 2 0
github.com/radekg/app-kit-orytest/hydra/hydra.go:254.33,255.82 1 0
github.com/radekg/app-kit-orytest/hydra/hydra.go:256.48,258.75 2 0
github.com/radekg/app-kit-orytest/hydra/hydra.go:259.38,261.72 2 0
github.com/radekg/app-kit-orytest/hydra/hydra.go:267.28,268.39 1 0
github.com/radekg/app-kit-orytest/hydra/hydra.go:268.39,270.5 1 0
github.com/radekg/app-kit-orytest/hydra/hydra.go:287.49,289.2 1 0
github.com/radekg/app-kit-orytest/hydra/hydra.go:291.40,293.2 1 0
github.com/radekg/app-kit-orytest/hydra/hydra.go:295.54,297.2 1 0
github.com/radekg/app-kit-orytest/hydra/hydra.go:299.50,301.2 1 0
github.com/radekg/app-kit-orytest/hydra/hydra.go:349.57,352.2 2 0
github.com/radekg/app-kit-orytest/hydra/hydra.go:354.76,384.2 1 0
github.com/radekg/app-kit-orytest/keto/keto.go:47.107,55.45 2 0
github.com/radekg/app-kit-orytest/keto/keto.go:62.2,62.72 1 0
github.com/radekg/app-kit-orytest/keto/keto.go:67.2,68.24 2 0
github.com/radekg/app-kit-orytest/keto/keto.go:73.2,73.37 1 0
github.com/radekg/app-kit-orytest/keto/keto.go:79.2,80.23 2 0
github.com/radekg/app-kit-orytest/keto/keto.go:85.2,85.37 1 0
github.com/radekg/app-kit-orytest/keto/keto.go:91.2,92.16 2 0
github.com/radekg/app-kit-orytest/keto/keto.go:96.2,96.37 1 0
github.com/radekg/app-kit-orytest/keto/keto.go:100.2,101.16 2 0
github.com/radekg/app-kit-orytest/keto/keto.go:105.2,105.37 1 0
github.com/radekg/app-kit-orytest/keto/keto.go:110.2,110.49 1 0
github.com/radekg/app-kit-orytest/keto/keto.go:114.2,114.48 1 0
github.com/radekg/app-kit-orytest/keto/keto.go:121.2,127.20 4 0
github.com/radekg/app-kit-orytest/keto/keto.go:132.2,132.103 1 0
github.com/radekg/app-kit-orytest/keto/keto.go:137.2,141.20 3 0
github.com/radekg/app-kit-orytest/keto/keto.go:147.2,165.90 2 0
github.com/radekg/app-kit-orytest/keto/keto.go:169.2,169.20 1 0
github.com/radekg/app-kit-orytest/keto/keto.go:174.2,174.37 1 0
github.com/radekg/app-kit-orytest/keto/keto.go:180.2,180.88 1 0
github.com/radekg/app-kit-orytest/keto/keto.go:186.2,217.76 4 0
github.com/radekg/app-kit-orytest/keto/keto.go:218.2,218.20 1 0
github.com/radekg/app-kit-orytest/keto/keto.go:222.2,222.37 1 0
github.com/radekg/app-kit-orytest/keto/keto.go:228.2,242.95 10 0
github.com/radekg/app-kit-orytest/keto/keto.go:278.2,280.9 2 0
github.com/radekg/app-kit-orytest/keto/keto.go:291.2,295.9 3 0
github.com/radekg/app-kit-orytest/keto/keto.go:306.2,307.28 1 0
github.com/radekg/app-kit-orytest/keto/keto.go:55.45,56.38 1 0
github.com/radekg/app-kit-orytest/keto/keto.go:56.38,58.4 1 0
github.com/radekg/app-kit-orytest/keto/keto.go:62.72,64.3 1 0
github.com/radekg/app-kit-orytest/keto/keto.go:68.24,71.3 2 0
github.com/radekg/app-kit-orytest/keto/keto.go:73.37,76.3 2 0
github.com/radekg/app-kit-orytest/keto/keto.go:80.23,83.3 2 0
github.com/radekg/app-kit-orytest/keto/keto.go:85.37,88.3 2 0
github.com/radekg/app-kit-orytest/keto/keto.go:92.16,95.3 2 0
github.com/radekg/app-kit-orytest/keto/keto.go:96.37,99.3 2 0
github.com/radekg/app-kit-orytest/keto/keto.go:101.16,104.3 2 0
github.com/radekg/app-kit-orytest/keto/keto.go:105.37,108.3 2 0
github.com/radekg/app-kit-orytest/keto/keto.go:110.49,113.3 2 0
github.com/radekg/app-kit-orytest/keto/keto.go:114.48,117.3 2 0
github.com/radekg/app-kit-orytest/keto/keto.go:127.20,130.3 2 0
github.com/radekg/app-kit-orytest/keto/keto.go:132.103,135.3 2 0
github.com/radekg/app-kit-orytest/keto/keto.go:141.20,144.3 2 0
github.com/radekg/app-kit-orytest/keto/keto.go:165.90,168.3 1 0
github.com/radekg/app-kit-orytest/keto/keto.go:169.20,172.3 2 0
github.com/radekg/app-kit-orytest/keto/keto.go:174.37,178.3 3 0
github.com/radekg/app-kit-orytest/keto/keto.go:180.88,183.3 2 0
github.com/radekg/app-kit-orytest/keto/keto.go:217.77,217.78 0 0
github.com/radekg/app-kit-orytest/keto/keto.go:218.20,221.3 2 0
github.com/radekg/app-kit-orytest/keto/keto.go:222.37,226.3 3 0
github.com/radekg/app-kit-orytest/keto/keto.go:242.95,243.17 1 0
github.com/radekg/app-kit-orytest/keto/keto.go:243.17,244.44 1 0
github.com/radekg/app-kit-orytest/keto/keto.go:270.4,270.27 1 0
github.com/radekg/app-kit-orytest/keto/keto.go:274.4,274.29 1 0
github.com/radekg/app-kit-orytest/keto/keto.go:244.44,246.26 2 0
github.com/radekg/app-kit-orytest/keto/keto.go:250.5,252.27 3 0
github.com/radekg/app-kit-orytest/keto/keto.go:256.5,257.27 2 0
github.com/radekg/app-kit-orytest/keto/keto.go:261.5,263.45 3 0
github.com/radekg/app-kit-orytest/keto/keto.go:267.5,268.86 2 0
github.com/radekg/app-kit-orytest/keto/keto.go:246.26,249.6 2 0
github.com/radekg/app-kit-orytest/keto/keto.go:252.27,255.6 2 0
github.com/radekg/app-kit-orytest/keto/keto.go:257.27,260.6 2 0
github.com/radekg/app-kit-orytest/keto/keto.go:263.45,266.6 2 0
github.com/radekg/app-kit-orytest/keto/keto.go:270.27,273.5 2 0
github.com/radekg/app-kit-orytest/keto/keto.go:281.33,282.81 1 0
github.com/radekg/app-kit-orytest/keto/keto.go:283.48,285.74 2 0
github.com/radekg/app-kit-orytest/keto/keto.go:286.38,288.71 2 0
github.com/radekg/app-kit-orytest/keto/keto.go:296.32,297.81 1 0
github.com/radekg/app-kit-orytest/keto/keto.go:298.47,300.74 2 0
github.com/radekg/app-kit-orytest/keto/keto.go:301.38,303.71 2 0
github.com/radekg/app-kit-orytest/keto/keto.go:307.28,308.39 1 0
github.com/radekg/app-kit-orytest/keto/keto.go:308.39,310.5 1 0
github.com/radekg/app-kit-orytest/keto/keto.go:338.39,340.2 1 0
github.com/radekg/app-kit-orytest/keto/keto.go:342.63,344.2 1 0
github.com/radekg/app-kit-orytest/keto/keto.go:346.62,348.2 1 0
github.com/radekg/app-kit-orytest/keto/keto.go:350.53,352.2 1 0
github.com/radekg/app-kit-orytest/keto/keto.go:354.48,356.2 1 0
github.com/radekg/app-kit-orytest/keto/keto.go:358.47,360.2 1 0
github.com/radekg/app-kit-orytest/keto/keto.go:362.111,364.41 1 0
github.com/radekg/app-kit-orytest/keto/keto.go:364.41,366.36 2 0
github.com/radekg/app-kit-orytest/keto/keto.go:372.4,372.16 1 0
github.com/radekg/app-kit-orytest/keto/keto.go:366.36,371.5 1 0
github.com/radekg/app-kit-orytest/keto/keto.go:377.22,380.6 2 0
github.com/radekg/app-kit-orytest/keto/keto.go:384.22,387.6 2 0
github.com/radekg/app-kit-orytest/mailslurper/mailslurper.go:54.56,62.72 3 1
github.com/radekg/app-kit-orytest/mailslurper/mailslurper.go:67.2,67.45 1 1
github.com/radekg/app-kit-orytest/mailslurper/mailslurper.go:74.2,75.16 2 1
github.com/radekg/app-kit-orytest/mailslurper/mailslurper.go:79.2,79.37 1 1
github.com/radekg/app-kit-orytest/mailslurper/mailslurper.go:84.2,85.16 2 1
github.com/radekg/app-kit-orytest/mailslurper/mailslurper.go:89.2,89.37 1 1
github.com/radekg/app-kit-orytest/mailslurper/mailslurper.go:94.2,95.16 2 1
github.com/radekg/app-kit-orytest/mailslurper/mailslurper.go:99.2,99.37 1 1
github.com/radekg/app-kit-orytest/mailslurper/mailslurper.go:104.2,104.58 1 1
github.com/radekg/app-kit-orytest/mailslurper/mailslurper.go:108.2,108.62 1 1
github.com/radekg/app-kit-orytest/mailslurper/mailslurper.go:112.2,112.59 1 1
github.com/radekg/app-kit-orytest/mailslurper/mailslurper.go:117.2,123.20 5 1
github.com/radekg/app-kit-orytest/mailslurper/mailslurper.go:129.2,130.24 2 1
github.com/radekg/app-kit-orytest/mailslurper/mailslurper.go:135.2,136.114 2 1
github.com/radekg/app-kit-orytest/mailslurper/mailslurper.go:140.2,140.37 1 1
github.com/radekg/app-kit-orytest/mailslurper/mailslurper.go:145.2,170.96 6 1
github.com/radekg/app-kit-orytest/mailslurper/mailslurper.go:171.2,171.22 1 1
github.com/radekg/app-kit-orytest/mailslurper/mailslurper.go:176.2,176.37 1 1
github.com/radekg/app-kit-orytest/mailslurper/mailslurper.go:184.2,186.39 3 1
github.com/radekg/app-kit-orytest/mailslurper/mailslurper.go:194.2,195.24 1 1
github.com/radekg/app-kit-orytest/mailslurper/mailslurper.go:62.72,64.3 1 5
github.com/radekg/app-kit-orytest/mailslurper/mailslurper.go:67.45,68.38 1 0
github.com/radekg/app-kit-orytest/mailslurper/mailslurper.go:68.38,70.4 1 0
github.com/radekg/app-kit-orytest/mailslurper/mailslurper.go:75.16,78.3 2 0
github.com/radekg/app-kit-orytest/mailslurper/mailslurper.go:79.37,82.3 2 1
github.com/radekg/app-kit-orytest/mailslurper/mailslurper.go:85.16,88.3 2 0
github.com/radekg/app-kit-orytest/mailslurper/mailslurper.go:89.37,92.3 2 1
github.com/radekg/app-kit-orytest/mailslurper/mailslurper.go:95.16,98.3 2 0
github.com/radekg/app-kit-orytest/mailslurper/mailslurper.go:99.37,102.3 2 1
github.com/radekg/app-kit-orytest/mailslurper/mailslurper.go:104.58,107.3 2 0
github.com/radekg/app-kit-orytest/mailslurper/mailslurper.go:108.62,111.3 2 0
github.com/radekg/app-kit-orytest/mailslurper/mailslurper.go:112.59,115.3 2 0
github.com/radekg/app-kit-orytest/mailslurper/mailslurper.go:123.20,126.3 2 0
github.com/radekg/app-kit-orytest/mailslurper/mailslurper.go:130.24,133.3 2 0
github.com/radekg/app-kit-orytest/mailslurper/mailslurper.go:136.114,139.3 2 0
github.com/radekg/app-kit-orytest/mailslurper/mailslurper.go:140.37,143.3 2 1
github.com/radekg/app-kit-orytest/mailslurper/mailslurper.go:170.97,170.98 0 1
github.com/radekg/app-kit-orytest/mailslurper/mailslurper.go:171.22,174.3 2 0
github.com/radekg/app-kit-orytest/mailslurper/mailslurper.go:176.37,178.24 2 1
github.com/radekg/app-kit-orytest/mailslurper/mailslurper.go:178.24,181.4 2 1
github.com/radekg/app-kit-orytest/mailslurper/mailslurper.go:186.39,187.47 1 16
github.com/radekg/app-kit-orytest/mailslurper/mailslurper.go:187.47,188.56 1 1
github.com/radekg/app-kit-orytest/mailslurper/mailslurper.go:188.56,190.5 1 1
github.com/radekg/app-kit-orytest/mailslurper/mailslurper.go:195.24,196.39 1 1
github.com/radekg/app-kit-orytest/mailslurper/mailslurper.go:196.39,198.5 1 5
github.com/radekg/app-kit-orytest/mailslurper/mailslurper.go:216.46,218.2 1 1
github.com/radekg/app-kit-orytest/mailslurper/mailslurper.go:219.57,221.2 1 1
github.com/radekg/app-kit-orytest/mailslurper/mailslurper.go:222.62,224.2 1 0
github.com/radekg/app-kit-orytest/mailslurper/mailslurper.go:225.66,227.2 1 0
github.com/radekg/app-kit-orytest/mailslurper/mailslurper.go:228.63,230.2 1 1
github.com/radekg/app-kit-orytest/mailslurper/mailslurper.go:232.92,236.21 3 0
github.com/radekg/app-kit-orytest/mailslurper/mailslurper.go:239.2,239.22 1 0
github.com/radekg/app-kit-orytest/mailslurper/mailslurper.go:236.21,238.3 1 0
github.com/radekg/app-kit-orytest/mailslurper/mailslurper.go:242.96,246.21 3 0
github.com/radekg/app-kit-orytest/mailslurper/mailslurper.go:249.2,249.22 1 0
github.com/radekg/app-kit-orytest/mailslurper/mailslurper.go:246.21,248.3 1 0
github.com/radekg/app-kit-orytest/mailslurper/mailslurper.go:252.63,255.16 3 2
github.com/radekg/app-kit-orytest/mailslurper/mailslurper.go:258.2,260.58 3 2
github.com/radekg/app-kit-orytest/mailslurper/mailslurper.go:255.16,257.3 1 0
github.com/radekg/app-kit-orytest/mailslurper/mailslurper.go:263.127,265.2 1 0
github.com/radekg/app-kit-orytest/mailslurper/mailslurper.go:267.131,269.2 1 0
github.com/radekg/app-kit-orytest/mailslurper/mailslurper.go:271.139,276.12 3 0
github.com/radekg/app-kit-orytest/mailslurper/mailslurper.go:307.2,307.17 1 0
github.com/radekg/app-kit-orytest/mailslurper/mailslurper.go:276.12,278.7 2 0
github.com/radekg/app-kit-orytest/mailslurper/mailslurper.go:278.7,279.40 1 0
github.com/radekg/app-kit-orytest/mailslurper/mailslurper.go:286.4,287.18 2 0
github.com/radekg/app-kit-orytest/mailslurper/mailslurper.go:292.4,292.30 1 0
github.com/radekg/app-kit-orytest/mailslurper/mailslurper.go:279.40,280.48 1 0
github.com/radekg/app-kit-orytest/mailslurper/mailslurper.go:283.5,284.11 2 0
github.com/radekg/app-kit-orytest/mailslurper/mailslurper.go:280.48,282.6 1 0
github.com/radekg/app-kit-orytest/mailslurper/mailslurper.go:287.18,291.5 3 0
github.com/radekg/app-kit-orytest/mailslurper/mailslurper.go:292.30,294.5 1 0
github.com/radekg/app-kit-orytest/mailslurper/mailslurper.go:294.10,295.45 1 0
github.com/radekg/app-kit-orytest/mailslurper/mailslurper.go:295.45,296.149 1 0
github.com/radekg/app-kit-orytest/mailslurper/mailslurper.go:296.149,300.7 3 0
github.com/radekg/app-kit-orytest/mailslurper/mailslurper.go:310.74,331.2 1 1
github.com/radekg/app-kit-orytest/kratos/kratos.go:52.59,63.45 3 1
github.com/radekg/app-kit-orytest/kratos/kratos.go:70.2,70.72 1 1
github.com/radekg/app-kit-orytest/kratos/kratos.go:75.2,76.16 2 1
github.com/radekg/app-kit-orytest/kratos/kratos.go:80.2,80.37 1 1
github.com/radekg/app-kit-orytest/kratos/kratos.go:86.2,87.16 2 1
github.com/radekg/app-kit-orytest/kratos/kratos.go:91.2,91.37 1 1
github.com/radekg/app-kit-orytest/kratos/kratos.go:96.2,96.55 1 1
github.com/radekg/app-kit-orytest/kratos/kratos.go:100.2,100.56 1 1
github.com/radekg/app-kit-orytest/kratos/kratos.go:105.2,110.20 4 1
github.com/radekg/app-kit-orytest/kratos/kratos.go:116.2,117.24 2 1
github.com/radekg/app-kit-orytest/kratos/kratos.go:122.2,122.108 1 1
github.com/radekg/app-kit-orytest/kratos/kratos.go:126.2,126.37 1 1
github.com/radekg/app-kit-orytest/kratos/kratos.go:131.2,135.24 3 1
github.com/radekg/app-kit-orytest/kratos/kratos.go:140.2,144.20 3 1
github.com/radekg/app-kit-orytest/kratos/kratos.go:149.2,149.107 1 1
github.com/radekg/app-kit-orytest/kratos/kratos.go:153.2,153.37 1 1
github.com/radekg/app-kit-orytest/kratos/kratos.go:158.2,178.94 3 1
github.com/radekg/app-kit-orytest/kratos/kratos.go:182.2,182.22 1 1
github.com/radekg/app-kit-orytest/kratos/kratos.go:187.2,187.37 1 1
github.com/radekg/app-kit-orytest/kratos/kratos.go:193.2,193.90 1 1
github.com/radekg/app-kit-orytest/kratos/kratos.go:199.2,231.80 4 1
github.com/radekg/app-kit-orytest/kratos/kratos.go:234.2,234.22 1 1
github.com/radekg/app-kit-orytest/kratos/kratos.go:238.2,238.37 1 1
github.com/radekg/app-kit-orytest/kratos/kratos.go:246.2,255.12 7 1
github.com/radekg/app-kit-orytest/kratos/kratos.go:284.2,284.9 1 1
github.com/radekg/app-kit-orytest/kratos/kratos.go:295.2,297.28 1 1
github.com/radekg/app-kit-orytest/kratos/kratos.go:63.45,64.38 1 0
github.com/radekg/app-kit-orytest/kratos/kratos.go:64.38,66.4 1 0
github.com/radekg/app-kit-orytest/kratos/kratos.go:70.72,72.3 1 6
github.com/radekg/app-kit-orytest/kratos/kratos.go:76.16,79.3 2 0
github.com/radekg/app-kit-orytest/kratos/kratos.go:80.37,83.3 2 1
github.com/radekg/app-kit-orytest/kratos/kratos.go:87.16,90.3 2 0
github.com/radekg/app-kit-orytest/kratos/kratos.go:91.37,94.3 2 1
github.com/radekg/app-kit-orytest/kratos/kratos.go:96.55,99.3 2 0
github.com/radekg/app-kit-orytest/kratos/kratos.go:100.56,103.3 2 0
github.com/radekg/app-kit-orytest/kratos/kratos.go:110.20,113.3 2 0
github.com/radekg/app-kit-orytest/kratos/kratos.go:117.24,120.3 2 0
github.com/radekg/app-kit-orytest/kratos/kratos.go:122.108,125.3 2 0
github.com/radekg/app-kit-orytest/kratos/kratos.go:126.37,129.3 2 1
github.com/radekg/app-kit-orytest/kratos/kratos.go:135.24,138.3 2 0
github.com/radekg/app-kit-orytest/kratos/kratos.go:144.20,147.3 2 0
github.com/radekg/app-kit-orytest/kratos/kratos.go:149.107,152.3 2 0
github.com/radekg/app-kit-orytest/kratos/kratos.go:153.37,156.3 2 1
github.com/radekg/app-kit-orytest/kratos/kratos.go:178.94,181.3 1 1
github.com/radekg/app-kit-orytest/kratos/kratos.go:182.22,185.3 2 0
github.com/radekg/app-kit-orytest/kratos/kratos.go:187.37,191.3 3 1
github.com/radekg/app-kit-orytest/kratos/kratos.go:193.90,196.3 2 0
github.com/radekg/app-kit-orytest/kratos/kratos.go:231.80,233.3 1 1
github.com/radekg/app-kit-orytest/kratos/kratos.go:234.22,237.3 2 0
github.com/radekg/app-kit-orytest/kratos/kratos.go:238.37,240.24 2 1
github.com/radekg/app-kit-orytest/kratos/kratos.go:240.24,243.4 2 1
github.com/radekg/app-kit-orytest/kratos/kratos.go:255.12,256.43 1 1
github.com/radekg/app-kit-orytest/kratos/kratos.go:277.3,277.26 1 1
github.com/radekg/app-kit-orytest/kratos/kratos.go:281.3,281.41 1 0
github.com/radekg/app-kit-orytest/kratos/kratos.go:256.43,258.25 2 2
github.com/radekg/app-kit-orytest/kratos/kratos.go:262.4,264.26 3 2
github.com/radekg/app-kit-orytest/kratos/kratos.go:268.4,270.44 3 1
github.com/radekg/app-kit-orytest/kratos/kratos.go:274.4,275.87 2 0
github.com/radekg/app-kit-orytest/kratos/kratos.go:258.25,261.5 2 0
github.com/radekg/app-kit-orytest/kratos/kratos.go:264.26,267.5 2 1
github.com/radekg/app-kit-orytest/kratos/kratos.go:270.44,273.5 2 1
github.com/radekg/app-kit-orytest/kratos/kratos.go:277.26,280.4 2 1
github.com/radekg/app-kit-orytest/kratos/kratos.go:285.34,286.83 1 1
github.com/radekg/app-kit-orytest/kratos/kratos.go:287.49,289.76 2 0
github.com/radekg/app-kit-orytest/kratos/kratos.go:290.38,292.73 2 0
github.com/radekg/app-kit-orytest/kratos/kratos.go:297.28,298.39 1 1
github.com/radekg/app-kit-orytest/kratos/kratos.go:298.39,300.5 1 8
github.com/radekg/app-kit-orytest/kratos/kratos.go:327.50,329.2 1 0
github.com/radekg/app-kit-orytest/kratos/kratos.go:331.41,333.2 1 1
github.com/radekg/app-kit-orytest/kratos/kratos.go:335.71,337.2 1 1
github.com/radekg/app-kit-orytest/kratos/kratos.go:339.73,341.2 1 10
github.com/radekg/app-kit-orytest/kratos/kratos.go:343.55,345.2 1 0
github.com/radekg/app-kit-orytest/kratos/kratos.go:347.51,349.2 1 0
github.com/radekg/app-kit-orytest/kratos/kratos.go:353.67,360.31 2 1
github.com/radekg/app-kit-orytest/kratos/kratos.go:360.31,361.43 1 1
github.com/radekg/app-kit-orytest/kratos/kratos.go:364.6,364.40 1 0
github.com/radekg/app-kit-orytest/kratos/kratos.go:361.43,363.7 1 1
github.com/radekg/app-kit-orytest/kratos/kratos.go:554.65,565.2 6 1
github.com/radekg/app-kit-orytest/kratos/kratos.go:567.48,569.2 1 1
github.com/radekg/app-kit-orytest/kratos/kratos.go:571.72,575.2 1 0
github.com/radekg/app-kit-orytest/kratos/kratos.go:577.90,578.20 1 0
github.com/radekg/app-kit-orytest/kratos/kratos.go:579.11,580.34 1 0
github.com/radekg/app-kit-orytest/kratos/kratos.go:586.20,587.32 1 0
github.com/radekg/app-kit-orytest/kratos/kratos.go:593.20,594.32 1 0
github.com/radekg/app-kit-orytest/kratos/kratos.go:600.23,601.35 1 0
github.com/radekg/app-kit-orytest/kratos/kratos.go:607.27,608.39 1 0
github.com/radekg/app-kit-orytest/kratos/kratos.go:620.23,621.35 1 0
github.com/radekg/app-kit-orytest/kratos/kratos.go:627.27,628.39 1 0
github.com/radekg/app-kit-orytest/kratos/kratos.go:580.34,582.4 1 0
github.com/radekg/app-kit-orytest/kratos/kratos.go:582.9,585.4 2 0
github.com/radekg/app-kit-orytest/kratos/kratos.go:587.32,589.4 1 0
github.com/radekg/app-kit-orytest/kratos/kratos.go:589.9,592.4 2 0
github.com/radekg/app-kit-orytest/kratos/kratos.go:594.32,596.4 1 0
github.com/radekg/app-kit-orytest/kratos/kratos.go:596.9,599.4 2 0
github.com/radekg/app-kit-orytest/kratos/kratos.go:601.35,603.4 1 0
github.com/radekg/app-kit-orytest/kratos/kratos.go:603.9,606.4 2 0
github.com/radekg/app-kit-orytest/kratos/kratos.go:608.39,610.4 1 0
github.com/radekg/app-kit-orytest/kratos/kratos.go:610.9,616.18 3 0
github.com/radekg/app-kit-orytest/kratos/kratos.go:616.18,618.5 1 0
github.com/radekg/app-kit-orytest/kratos/kratos.go:621.35,623.4 1 0
github.com/radekg/app-kit-orytest/kratos/kratos.go:623.9,626.4 2 0
github.com/radekg/app-kit-orytest/kratos/kratos.go:628.39,630.4 1 0
github.com/radekg/app-kit-orytest/kratos/kratos.go:630.9,633.4 2 0
github.com/radekg/app-kit-orytest/kratos/kratos.go:637.96,640.2 2 0
github.com/radekg/app-kit-orytest/kratos/kratos.go:642.63,644.2 1 1
github.com/radekg/app-kit-orytest/kratos/kratos.go:645.73,647.2 1 1
github.com/radekg/app-kit-orytest/kratos/kratos.go:648.58,650.2 1 1
github.com/radekg/app-kit-orytest/kratos/kratos.go:651.58,653.2 1 4
github.com/radekg/app-kit-orytest/kratos/kratos.go:654.61,656.2 1 1
github.com/radekg/app-kit-orytest/kratos/kratos.go:657.65,659.2 1 1
github.com/radekg/app-kit-orytest/kratos/kratos.go:660.61,662.2 1 1
github.com/radekg/app-kit-orytest/kratos/kratos.go:663.65,665.2 1 1
github.com/radekg/app-kit-orytest/kratos/kratos.go:666.73,668.2 1 1
github.com/radekg/app-kit-orytest/kratos/kratos.go:670.124,673.2 2 0
github.com/radekg/app-kit-orytest/kratos/kratos.go:674.122,677.2 2 0
github.com/radekg/app-kit-orytest/kratos/kratos.go:678.122,681.2 2 0
github.com/radekg/app-kit-orytest/kratos/kratos.go:682.125,685.2 2 0
github.com/radekg/app-kit-orytest/kratos/kratos.go:686.129,689.2 2 0
github.com/radekg/app-kit-orytest/kratos/kratos.go:690.125,693.2 2 0
github.com/radekg/app-kit-orytest/kratos/kratos.go:694.129,697.2 2 0
github.com/radekg/app-kit-orytest/common/common.go:19.51,21.21 2 6
github.com/radekg/app-kit-orytest/common/common.go:24.2,24.14 1 0
github.com/radekg/app-kit-orytest/common/common.go:21.21,23.3 1 6
github.com/radekg/app-kit-orytest/common/common.go:28.36,30.2 1 5
github.com/radekg/app-kit-orytest/common/common.go:33.30,35.2 1 0
github.com/radekg/app-kit-orytest/common/common.go:38.33,40.2 1 0
github.com/radekg/app-kit-orytest/common/common.go:62.58,64.16 2 3
github.com/radekg/app-kit-orytest/common/common.go:67.2,70.8 1 3
github.com/radekg/app-kit-orytest/common/common.go:64.16,66.3 1 0
github.com/radekg/app-kit-orytest/common/common.go:73.42,76.15 3 6
github.com/radekg/app-kit-orytest/common/common.go:76.15,79.3 2 3
github.com/radekg/app-kit-orytest/common/common.go:82.49,85.14 3 3
github.com/radekg/app-kit-orytest/common/common.go:88.2,89.16 2 3
github.com/radekg/app-kit-orytest/common/common.go:92.2,95.12 4 3
github.com/radekg/app-kit-orytest/common/common.go:85.14,87.3 1 0
github.com/radekg/app-kit-orytest/common/common.go:89.16,91.3 1 0
github.com/radekg/app-kit-orytest/common/common.go:98.64,102.2 3 0
github.com/radekg/app-kit-orytest/common/common.go:104.64,108.2 3 3
github.com/radekg/app-kit-orytest/common/common.go:111.91,119.12 6 1
github.com/radekg/app-kit-orytest/common/common.go:147.2,147.9 1 1
github.com/radekg/app-kit-orytest/common/common.go:156.2,156.28 1 1
github.com/radekg/app-kit-orytest/common/common.go:160.2,160.68 1 1
github.com/radekg/app-kit-orytest/common/common.go:164.2,164.12 1 1
github.com/radekg/app-kit-orytest/common/common.go:119.12,120.43 1 1
github.com/radekg/app-kit-orytest/common/common.go:140.3,140.26 1 1
github.com/radekg/app-kit-orytest/common/common.go:144.3,144.28 1 0
github.com/radekg/app-kit-orytest/common/common.go:120.43,122.41 2 5
github.com/radekg/app-kit-orytest/common/common.go:138.4,138.37 1 2
github.com/radekg/app-kit-orytest/common/common.go:122.41,123.36 1 43
github.com/radekg/app-kit-orytest/common/common.go:123.36,125.38 2 5
github.com/radekg/app-kit-orytest/common/common.go:128.6,128.41 1 3
github.com/radekg/app-kit-orytest/common/common.go:133.6,135.16 3 1
github.com/radekg/app-kit-orytest/common/common.go:125.38,127.7 1 2
github.com/radekg/app-kit-orytest/common/common.go:128.41,131.15 3 2
github.com/radekg/app-kit-orytest/common/common.go:140.26,143.4 2 1
github.com/radekg/app-kit-orytest/common/common.go:148.21,149.114 1 1
github.com/radekg/app-kit-orytest/common/common.go:150.36,151.23 1 0
github.com/radekg/app-kit-orytest/common/common.go:152.38,153.73 1 0
github.com/radekg/app-kit-orytest/common/common.go:156.28,158.3 1 0
github.com/radekg/app-kit-orytest/common/common.go:160.68,162.3 1 0
github.com/radekg/app-kit-orytest/common/common.go:168.61,169.28 1 0
github.com/radekg/app-kit-orytest/common/common.go:172.2,172.29 1 0
github.com/radekg/app-kit-orytest/common/common.go:169.28,171.3 1 0
github.com/radekg/app-kit-orytest/common/common.go:172.29,173.23 1 0
github.com/radekg/app-kit-orytest/common/common.go:173.23,175.4 1 0
github.com/radekg/app-kit-orytest/common/common.go:180.64,181.28 1 0
github.com/radekg/app-kit-orytest/common/common.go:184.2,184.29 1 0
github.com/radekg/app-kit-orytest/common/common.go:189.2,189.13 1 0
github.com/radekg/app-kit-orytest/common/common.go:181.28,183.3 1 0
github.com/radekg/app-kit-orytest/common/common.go:184.29,185.23 1 0
github.com/radekg/app-kit-orytest/common/common.go:185.23,187.4 1 0
github.com/radekg/app-kit-orytest/postgres/postgres.go:42.53,53.45 6 1
github.com/radekg/app-kit-orytest/postgres/postgres.go:60.2,60.72 1 1
github.com/radekg/app-kit-orytest/postgres/postgres.go:66.2,67.16 2 1
github.com/radekg/app-kit-orytest/postgres/postgres.go:71.2,71.37 1 1
github.com/radekg/app-kit-orytest/postgres/postgres.go:76.2,76.52 1 1
github.com/radekg/app-kit-orytest/postgres/postgres.go:81.2,102.20 5 1
github.com/radekg/app-kit-orytest/postgres/postgres.go:108.2,108.92 1 1
github.com/radekg/app-kit-orytest/postgres/postgres.go:109.2,109.24 1 1
github.com/radekg/app-kit-orytest/postgres/postgres.go:114.2,114.37 1 1
github.com/radekg/app-kit-orytest/postgres/postgres.go:121.2,121.6 1 1
github.com/radekg/app-kit-orytest/postgres/postgres.go:133.2,135.39 3 1
github.com/radekg/app-kit-orytest/postgres/postgres.go:143.2,144.28 1 1
github.com/radekg/app-kit-orytest/postgres/postgres.go:53.45,54.38 1 0
github.com/radekg/app-kit-orytest/postgres/postgres.go:54.38,56.4 1 0
github.com/radekg/app-kit-orytest/postgres/postgres.go:60.72,62.3 1 2
github.com/radekg/app-kit-orytest/postgres/postgres.go:67.16,70.3 2 0
github.com/radekg/app-kit-orytest/postgres/postgres.go:71.37,74.3 2 1
github.com/radekg/app-kit-orytest/postgres/postgres.go:76.52,79.3 2 0
github.com/radekg/app-kit-orytest/postgres/postgres.go:102.20,105.3 2 0
github.com/radekg/app-kit-orytest/postgres/postgres.go:108.93,108.94 0 1
github.com/radekg/app-kit-orytest/postgres/postgres.go:109.24,112.3 2 0
github.com/radekg/app-kit-orytest/postgres/postgres.go:114.37,118.3 3 1
github.com/radekg/app-kit-orytest/postgres/postgres.go:121.6,124.24 2 1
github.com/radekg/app-kit-orytest/postgres/postgres.go:129.3,130.28 2 0
github.com/radekg/app-kit-orytest/postgres/postgres.go:124.24,127.9 3 1
github.com/radekg/app-kit-orytest/postgres/postgres.go:135.39,136.44 1 14
github.com/radekg/app-kit-orytest/postgres/postgres.go:136.44,137.56 1 1
github.com/radekg/app-kit-orytest/postgres/postgres.go:137.56,139.5 1 1
github.com/radekg/app-kit-orytest/postgres/postgres.go:144.28,145.39 1 1
github.com/radekg/app-kit-orytest/postgres/postgres.go:145.39,147.5 1 2
github.com/radekg/app-kit-orytest/postgres/postgres.go:169.43,171.2 1 1
github.com/radekg/app-kit-orytest/postgres/postgres.go:173.54,175.2 1 2
github.com/radekg/app-kit-orytest/postgres/postgres.go:176.63,178.2 1 2
github.com/radekg/app-kit-orytest/postgres/postgres.go:179.62,181.2 1 0
github.com/radekg/app-kit-orytest/postgres/postgres.go:182.59,184.2 1 2
github.com/radekg/app-kit-orytest/postgres/postgres.go:185.55,187.2 1 2
github.com/radekg/app-kit-orytest/postgres/postgres.go:188.55,190.2 1 2
github.com/radekg/app-kit-orytest/keto/keto.go:47.107,55.45 2 0
github.com/radekg/app-kit-orytest/keto/keto.go:62.2,62.72 1 0
github.com/radekg/app-kit-orytest/keto/keto.go:67.2,68.24 2 0
github.com/radekg/app-kit-orytest/keto/keto.go:73.2,73.37 1 0
github.com/radekg/app-kit-orytest/keto/keto.go:79.2,80.23 2 0
github.com/radekg/app-kit-orytest/keto/keto.go:85.2,85.37 1 0
github.com/radekg/app-kit-orytest/keto/keto.go:91.2,92.16 2 0
github.com/radekg/app-kit-orytest/keto/keto.go:96.2,96.37 1 0
github.com/radekg/app-kit-orytest/keto/keto.go:100.2,101.16 2 0
github.com/radekg/app-kit-orytest/keto/keto.go:105.2,105.37 1 0
github.com/radekg/app-kit-orytest/keto/keto.go:110.2,110.49 1 0
github.com/radekg/app-kit-orytest/keto/keto.go:114.2,114.48 1 0
github.com/radekg/app-kit-orytest/keto/keto.go:121.2,127.20 4 0
github.com/radekg/app-kit-orytest/keto/keto.go:132.2,132.103 1 0
github.com/radekg/app-kit-orytest/keto/keto.go:137.2,141.20 3 0
github.com/radekg/app-kit-orytest/keto/keto.go:147.2,165.90 2 0
github.com/radekg/app-kit-orytest/keto/keto.go:169.2,169.20 1 0
github.com/radekg/app-kit-orytest/keto/keto.go:174.2,174.37 1 0
github.com/radekg/app-kit-orytest/keto/keto.go:180.2,180.88 1 0
github.com/radekg/app-kit-orytest/keto/keto.go:186.2,217.76 4 0
github.com/radekg/app-kit-orytest/keto/keto.go:218.2,218.20 1 0
github.com/radekg/app-kit-orytest/keto/keto.go:222.2,222.37 1 0
github.com/radekg/app-kit-orytest/keto/keto.go:228.2,242.95 10 0
github.com/radekg/app-kit-orytest/keto/keto.go:278.2,280.9 2 0
github.com/radekg/app-kit-orytest/keto/keto.go:291.2,295.9 3 0
github.com/radekg/app-kit-orytest/keto/keto.go:306.2,307.28 1 0
github.com/radekg/app-kit-orytest/keto/keto.go:55.45,56.38 1 0
github.com/radekg/app-kit-orytest/keto/keto.go:56.38,58.4 1 0
github.com/radekg/app-kit-orytest/keto/keto.go:62.72,64.3 1 0
github.com/radekg/app-kit-orytest/keto/keto.go:68.24,71.3 2 0
github.com/radekg/app-kit-orytest/keto/keto.go:73.37,76.3 2 0
github.com/radekg/app-kit-orytest/keto/keto.go:80.23,83.3 2 0
github.com/radekg/app-kit-orytest/keto/keto.go:85.37,88.3 2 0
github.com/radekg/app-kit-orytest/keto/keto.go:92.16,95.3 2 0
github.com/radekg/app-kit-orytest/keto/keto.go:96.37,99.3 2 0
github.com/radekg/app-kit-orytest/keto/keto.go:101.16,104.3 2 0
github.com/radekg/app-kit-orytest/keto/keto.go:105.37,108.3 2 0
github.com/radekg/app-kit-orytest/keto/keto.go:110.49,113.3 2 0
github.com/radekg/app-kit-orytest/keto/keto.go:114.48,117.3 2 0
github.com/radekg/app-kit-orytest/keto/keto.go:127.20,130.3 2 0
github.com/radekg/app-kit-orytest/keto/keto.go:132.103,135.3 2 0
github.com/radekg/app-kit-orytest/keto/keto.go:141.20,144.3 2 0
github.com/radekg/app-kit-orytest/keto/keto.go:165.90,168.3 1 0
github.com/radekg/app-kit-orytest/keto/keto.go:169.20,172.3 2 0
github.com/radekg/app-kit-orytest/keto/keto.go:174.37,178.3 3 0
github.com/radekg/app-kit-orytest/keto/keto.go:180.88,183.3 2 0
github.com/radekg/app-kit-orytest/keto/keto.go:217.77,217.78 0 0
github.com/radekg/app-kit-orytest/keto/keto.go:218.20,221.3 2 0
github.com/radekg/app-kit-orytest/keto/keto.go:222.37,226.3 3 0
github.com/radekg/app-kit-orytest/keto/keto.go:242.95,243.17 1 0
github.com/radekg/app-kit-orytest/keto/keto.go:243.17,244.44 1 0
github.com/radekg/app-kit-orytest/keto/keto.go:270.4,270.27 1 0
github.com/radekg/app-kit-orytest/keto/keto.go:274.4,274.29 1 0
github.com/radekg/app-kit-orytest/keto/keto.go:244.44,246.26 2 0
github.com/radekg/app-kit-orytest/keto/keto.go:250.5,252.27 3 0
github.com/radekg/app-kit-orytest/keto/keto.go:256.5,257.27 2 0
github.com/radekg/app-kit-orytest/keto/keto.go:261.5,263.45 3 0
github.com/radekg/app-kit-orytest/keto/keto.go:267.5,268.86 2 0
github.com/radekg/app-kit-orytest/keto/keto.go:246.26,249.6 2 0
github.com/radekg/app-kit-orytest/keto/keto.go:252.27,255.6 2 0
github.com/radekg/app-kit-orytest/keto/keto.go:257.27,260.6 2 0
github.com/radekg/app-kit-orytest/keto/keto.go:263.45,266.6 2 0
github.com/radekg/app-kit-orytest/keto/keto.go:270.27,273.5 2 0
github.com/radekg/app-kit-orytest/keto/keto.go:281.33,282.81 1 0
github.com/radekg/app-kit-orytest/keto/keto.go:283.48,285.74 2 0
github.com/radekg/app-kit-orytest/keto/keto.go:286.38,288.71 2 0
github.com/radekg/app-kit-orytest/keto/keto.go:296.32,297.81 1 0
github.com/radekg/app-kit-orytest/keto/keto.go:298.47,300.74 2 0
github.com/radekg/app-kit-orytest/keto/keto.go:301.38,303.71 2 0
github.com/radekg/app-kit-orytest/keto/keto.go:307.28,308.39 1 0
github.com/radekg/app-kit-orytest/keto/keto.go:308.39,310.5 1 0
github.com/radekg/app-kit-orytest/keto/keto.go:338.39,340.2 1 0
github.com/radekg/app-kit-orytest/keto/keto.go:342.63,344.2 1 0
github.com/radekg/app-kit-orytest/keto/keto.go:346.62,348.2 1 0
github.com/radekg/app-kit-orytest/keto/keto.go:350.53,352.2 1 0
github.com/radekg/app-kit-orytest/keto/keto.go:354.48,356.2 1 0
github.com/radekg/app-kit-orytest/keto/keto.go:358.47,360.2 1 0
github.com/radekg/app-kit-orytest/keto/keto.go:362.111,364.41 1 0
github.com/radekg/app-kit-orytest/keto/keto.go:364.41,366.36 2 0
github.com/radekg/app-kit-orytest/keto/keto.go:372.4,372.16 1 0
github.com/radekg/app-kit-orytest/keto/keto.go:366.36,371.5 1 0
github.com/radekg/app-kit-orytest/keto/keto.go:377.22,380.6 2 0
github.com/radekg/app-kit-orytest/keto/keto.go:384.22,387.6 2 0
github.com/radekg/app-kit-orytest/mailslurper/mailslurper.go:54.56,62.72 3 0
github.com/radekg/app-kit-orytest/mailslurper/mailslurper.go:67.2,67.45 1 0
github.com/radekg/app-kit-orytest/mailslurper/mailslurper.go:74.2,75.16 2 0
github.com/radekg/app-kit-orytest/mailslurper/mailslurper.go:79.2,79.37 1 0
github.com/radekg/app-kit-orytest/mailslurper/mailslurper.go:84.2,85.16 2 0
github.com/radekg/app-kit-orytest/mailslurper/mailslurper.go:89.2,89.37 1 0
github.com/radekg/app-kit-orytest/mailslurper/mailslurper.go:94.2,95.16 2 0
github.com/radekg/app-kit-orytest/mailslurper/mailslurper.go:99.2,99.37 1 0
github.com/radekg/app-kit-orytest/mailslurper/mailslurper.go:104.2,104.58 1 0
github.com/radekg/app-kit-orytest/mailslurper/mailslurper.go:108.2,108.62 1 0
github.com/radekg/app-kit-orytest/mailslurper/mailslurper.go:112.2,112.59 1 0
github.com/radekg/app-kit-orytest/mailslurper/mailslurper.go:117.2,123.20 5 0
github.com/radekg/app-kit-orytest/mailslurper/mailslurper.go:129.2,130.24 2 0
github.com/radekg/app-kit-orytest/mailslurper/mailslurper.go:135.2,136.114 2 0
github.com/radekg/app-kit-orytest/mailslurper/mailslurper.go:140.2,140.37 1 0
github.com/radekg/app-kit-orytest/mailslurper/mailslurper.go:145.2,170.96 6 0
github.com/radekg/app-kit-orytest/mailslurper/mailslurper.go:171.2,171.22 1 0
github.com/radekg/app-kit-orytest/mailslurper/mailslurper.go:176.2,176.37 1 0
github.com/radekg/app-kit-orytest/mailslurper/mailslurper.go:184.2,186.39 3 0
github.com/radekg/app-kit-orytest/mailslurper/mailslurper.go:194.2,195.24 1 0
github.com/radekg/app-kit-orytest/mailslurper/mailslurper.go:62.72,64.3 1 0
github.com/radekg/app-kit-orytest/mailslurper/mailslurper.go:67.45,68.38 1 0
github.com/radekg/app-kit-orytest/mailslurper/mailslurper.go:68.38,70.4 1 0
github.com/radekg/app-kit-orytest/mailslurper/mailslurper.go:75.16,78.3 2 0
github.com/radekg/app-kit-orytest/mailslurper/mailslurper.go:79.37,82.3 2 0
github.com/radekg/app-kit-orytest/mailslurper/mailslurper.go:85.16,88.3 2 0
github.com/radekg/app-kit-orytest/mailslurper/mailslurper.go:89.37,92.3 2 0
github.com/radekg/app-kit-orytest/mailslurper/mailslurper.go:95.16,98.3 2 0
github.com/radekg/app-kit-orytest/mailslurper/mailslurper.go:99.37,102.3 2 0
github.com/radekg/app-kit-orytest/mailslurper/mailslurper.go:104.58,107.3 2 0
github.com/radekg/app-kit-orytest/mailslurper/mailslurper.go:108.62,111.3 2 0
github.com/radekg/app-kit-orytest/mailslurper/mailslurper.go:112.59,115.3 2 0
github.com/radekg/app-kit-orytest/mailslurper/mailslurper.go:123.20,126.3 2 0
github.com/radekg/app-kit-orytest/mailslurper/mailslurper.go:130.24,133.3 2 0
github.com/radekg/app-kit-orytest/mailslurper/mailslurper.go:136.114,139.3 2 0
github.com/radekg/app-kit-orytest/mailslurper/mailslurper.go:140.37,143.3 2 0
github.com/radekg/app-kit-orytest/mailslurper/mailslurper.go:170.97,170.98 0 0
github.com/radekg/app-kit-orytest/mailslurper/mailslurper.go:171.22,174.3 2 0
github.com/radekg/app-kit-orytest/mailslurper/mailslurper.go:176.37,178.24 2 0
github.com/radekg/app-kit-orytest/mailslurper/mailslurper.go:178.24,181.4 2 0
github.com/radekg/app-kit-orytest/mailslurper/mailslurper.go:186.39,187.47 1 0
github.com/radekg/app-kit-orytest/mailslurper/mailslurper.go:187.47,188.56 1 0
github.com/radekg/app-kit-orytest/mailslurper/mailslurper.go:188.56,190.5 1 0
github.com/radekg/app-kit-orytest/mailslurper/mailslurper.go:195.24,196.39 1 0
github.com/radekg/app-kit-orytest/mailslurper/mailslurper.go:196.39,198.5 1 0
github.com/radekg/app-kit-orytest/mailslurper/mailslurper.go:216.46,218.2 1 0
github.com/radekg/app-kit-orytest/mailslurper/mailslurper.go:219.57,221.2 1 0
github.com/radekg/app-kit-orytest/mailslurper/mailslurper.go:222.62,224.2 1 0
github.com/radekg/app-kit-orytest/mailslurper/mailslurper.go:225.66,227.2 1 0
github.com/radekg/app-kit-orytest/mailslurper/mailslurper.go:228.63,230.2 1 0
github.com/radekg/app-kit-orytest/mailslurper/mailslurper.go:232.92,236.21 3 0
github.com/radekg/app-kit-orytest/mailslurper/mailslurper.go:239.2,239.22 1 0
github.com/radekg/app-kit-orytest/mailslurper/mailslurper.go:236.21,238.3 1 0
github.com/radekg/app-kit-orytest/mailslurper/mailslurper.go:242.96,246.21 3 0
github.com/radekg/app-kit-orytest/mailslurper/mailslurper.go:249.2,249.22 1 0
github.com/radekg/app-kit-orytest/mailslurper/mailslurper.go:246.21,248.3 1 0
github.com/radekg/app-kit-orytest/mailslurper/mailslurper.go:252.63,255.16 3 0
github.com/radekg/app-kit-orytest/mailslurper/mailslurper.go:258.2,260.58 3 0
github.com/radekg/app-kit-orytest/mailslurper/mailslurper.go:255.16,257.3 1 0
github.com/radekg/app-kit-orytest/mailslurper/mailslurper.go:263.127,265.2 1 0
github.com/radekg/app-kit-orytest/mailslurper/mailslurper.go:267.131,269.2 1 0
github.com/radekg/app-kit-orytest/mailslurper/mailslurper.go:271.139,276.12 3 0
github.com/radekg/app-kit-orytest/mailslurper/mailslurper.go:307.2,307.17 1 0
github.com/radekg/app-kit-orytest/mailslurper/mailslurper.go:276.12,278.7 2 0
github.com/radekg/app-kit-orytest/mailslurper/mailslurper.go:278.7,279.40 1 0
github.com/radekg/app-kit-orytest/mailslurper/mailslurper.go:286.4,287.18 2 0
github.com/radekg/app-kit-orytest/mailslurper/mailslurper.go:292.4,292.30 1 0
github.com/radekg/app-kit-orytest/mailslurper/mailslurper.go:279.40,280.48 1 0
github.com/radekg/app-kit-orytest/mailslurper/mailslurper.go:283.5,284.11 2 0
github.com/radekg/app-kit-orytest/mailslurper/mailslurper.go:280.48,282.6 1 0
github.com/radekg/app-kit-orytest/mailslurper/mailslurper.go:287.18,291.5 3 0
github.com/radekg/app-kit-orytest/mailslurper/mailslurper.go:292.30,294.5 1 0
github.com/radekg/app-kit-orytest/mailslurper/mailslurper.go:294.10,295.45 1 0
github.com/radekg/app-kit-orytest/mailslurper/mailslurper.go:295.45,296.149 1 0
github.com/radekg/app-kit-orytest/mailslurper/mailslurper.go:296.149,300.7 3 0
github.com/radekg/app-kit-orytest/mailslurper/mailslurper.go:310.74,331.2 1 0
github.com/radekg/app-kit-orytest/kratos/kratos.go:52.59,63.45 3 0
github.com/radekg/app-kit-orytest/kratos/kratos.go:70.2,70.72 1 0
github.com/radekg/app-kit-orytest/kratos/kratos.go:75.2,76.16 2 0
github.com/radekg/app-kit-orytest/kratos/kratos.go:80.2,80.37 1 0
github.com/radekg/app-kit-orytest/kratos/kratos.go:86.2,87.16 2 0
github.com/radekg/app-kit-orytest/kratos/kratos.go:91.2,91.37 1 0
github.com/radekg/app-kit-orytest/kratos/kratos.go:96.2,96.55 1 0
github.com/radekg/app-kit-orytest/kratos/kratos.go:100.2,100.56 1 0
github.com/radekg/app-kit-orytest/kratos/kratos.go:105.2,110.20 4 0
github.com/radekg/app-kit-orytest/kratos/kratos.go:116.2,117.24 2 0
github.com/radekg/app-kit-orytest/kratos/kratos.go:122.2,122.108 1 0
github.com/radekg/app-kit-orytest/kratos/kratos.go:126.2,126.37 1 0
github.com/radekg/app-kit-orytest/kratos/kratos.go:131.2,135.24 3 0
github.com/radekg/app-kit-orytest/kratos/kratos.go:140.2,144.20 3 0
github.com/radekg/app-kit-orytest/kratos/kratos.go:149.2,149.107 1 0
github.com/radekg/app-kit-orytest/kratos/kratos.go:153.2,153.37 1 0
github.com/radekg/app-kit-orytest/kratos/kratos.go:158.2,178.94 3 0
github.com/radekg/app-kit-orytest/kratos/kratos.go:182.2,182.22 1 0
github.com/radekg/app-kit-orytest/kratos/kratos.go:187.2,187.37 1 0
github.com/radekg/app-kit-orytest/kratos/kratos.go:193.2,193.90 1 0
github.com/radekg/app-kit-orytest/kratos/kratos.go:199.2,231.80 4 0
github.com/radekg/app-kit-orytest/kratos/kratos.go:234.2,234.22 1 0
github.com/radekg/app-kit-orytest/kratos/kratos.go:238.2,238.37 1 0
github.com/radekg/app-kit-orytest/kratos/kratos.go:246.2,255.12 7 0
github.com/radekg/app-kit-orytest/kratos/kratos.go:284.2,284.9 1 0
github.com/radekg/app-kit-orytest/kratos/kratos.go:295.2,297.28 1 0
github.com/radekg/app-kit-orytest/kratos/kratos.go:63.45,64.38 1 0
github.com/radekg/app-kit-orytest/kratos/kratos.go:64.38,66.4 1 0
github.com/radekg/app-kit-orytest/kratos/kratos.go:70.72,72.3 1 0
github.com/radekg/app-kit-orytest/kratos/kratos.go:76.16,79.3 2 0
github.com/radekg/app-kit-orytest/kratos/kratos.go:80.37,83.3 2 0
github.com/radekg/app-kit-orytest/kratos/kratos.go:87.16,90.3 2 0
github.com/radekg/app-kit-orytest/kratos/kratos.go:91.37,94.3 2 0
github.com/radekg/app-kit-orytest/kratos/kratos.go:96.55,99.3 2 0
github.com/radekg/app-kit-orytest/kratos/kratos.go:100.56,103.3 2 0
github.com/radekg/app-kit-orytest/kratos/kratos.go:110.20,113.3 2 0
github.com/radekg/app-kit-orytest/kratos/kratos.go:117.24,120.3 2 0
github.com/radekg/app-kit-orytest/kratos/kratos.go:122.108,125.3 2 0
github.com/radekg/app-kit-orytest/kratos/kratos.go:126.37,129.3 2 0
github.com/radekg/app-kit-orytest/kratos/kratos.go:135.24,138.3 2 0
github.com/radekg/app-kit-orytest/kratos/kratos.go:144.20,147.3 2 0
github.com/radekg/app-kit-orytest/kratos/kratos.go:149.107,152.3 2 0
github.com/radekg/app-kit-orytest/kratos/kratos.go:153.37,156.3 2 0
github.com/radekg/app-kit-orytest/kratos/kratos.go:178.94,181.3 1 0
github.com/radekg/app-kit-orytest/kratos/kratos.go:182.22,185.3 2 0
github.com/radekg/app-kit-orytest/kratos/kratos.go:187.37,191.3 3 0
github.com/radekg/app-kit-orytest/kratos/kratos.go:193.90,196.3 2 0
github.com/radekg/app-kit-orytest/kratos/kratos.go:231.80,233.3 1 0
github.com/radekg/app-kit-orytest/kratos/kratos.go:234.22,237.3 2 0
github.com/radekg/app-kit-orytest/kratos/kratos.go:238.37,240.24 2 0
github.com/radekg/app-kit-orytest/kratos/kratos.go:240.24,243.4 2 0
github.com/radekg/app-kit-orytest/kratos/kratos.go:255.12,256.43 1 0
github.com/radekg/app-kit-orytest/kratos/kratos.go:277.3,277.26 1 0
github.com/radekg/app-kit-orytest/kratos/kratos.go:281.3,281.41 1 0
github.com/radekg/app-kit-orytest/kratos/kratos.go:256.43,258.25 2 0
github.com/radekg/app-kit-orytest/kratos/kratos.go:262.4,264.26 3 0
github.com/radekg/app-kit-orytest/kratos/kratos.go:268.4,270.44 3 0
github.com/radekg/app-kit-orytest/kratos/kratos.go:274.4,275.87 2 0
github.com/radekg/app-kit-orytest/kratos/kratos.go:258.25,261.5 2 0
github.com/radekg/app-kit-orytest/kratos/kratos.go:264.26,267.5 2 0
github.com/radekg/app-kit-orytest/kratos/kratos.go:270.44,273.5 2 0
github.com/radekg/app-kit-orytest/kratos/kratos.go:277.26,280.4 2 0
github.com/radekg/app-kit-orytest/kratos/kratos.go:285.34,286.83 1 0
github.com/radekg/app-kit-orytest/kratos/kratos.go:287.49,289.76 2 0
github.com/radekg/app-kit-orytest/kratos/kratos.go:290.38,292.73 2 0
github.com/radekg/app-kit-orytest/kratos/kratos.go:297.28,298.39 1 0
github.com/radekg/app-kit-orytest/kratos/kratos.go:298.39,300.5 1 0
github.com/radekg/app-kit-orytest/kratos/kratos.go:327.50,329.2 1 0
github.com/radekg/app-kit-orytest/kratos/kratos.go:331.41,333.2 1 0
github.com/radekg/app-kit-orytest/kratos/kratos.go:335.71,337.2 1 0
github.com/radekg/app-kit-orytest/kratos/kratos.go:339.73,341.2 1 0
github.com/radekg/app-kit-orytest/kratos/kratos.go:343.55,345.2 1 0
github.com/radekg/app-kit-orytest/kratos/kratos.go:347.51,349.2 1 0
github.com/radekg/app-kit-orytest/kratos/kratos.go:353.67,360.31 2 0
github.com/radekg/app-kit-orytest/kratos/kratos.go:360.31,361.43 1 0
github.com/radekg/app-kit-orytest/kratos/kratos.go:364.6,364.40 1 0
github.com/radekg/app-kit-orytest/kratos/kratos.go:361.43,363.7 1 0
github.com/radekg/app-kit-orytest/kratos/kratos.go:554.65,565.2 6 0
github.com/radekg/app-kit-orytest/kratos/kratos.go:567.48,569.2 1 0
github.com/radekg/app-kit-orytest/kratos/kratos.go:571.72,575.2 1 0
github.com/radekg/app-kit-orytest/kratos/kratos.go:577.90,578.20 1 0
github.com/radekg/app-kit-orytest/kratos/kratos.go:579.11,580.34 1 0
github.com/radekg/app-kit-orytest/kratos/kratos.go:586.20,587.32 1 0
github.com/radekg/app-kit-orytest/kratos/kratos.go:593.20,594.32 1 0
github.com/radekg/app-kit-orytest/kratos/kratos.go:600.23,601.35 1 0
github.com/radekg/app-kit-orytest/kratos/kratos.go:607.27,608.39 1 0
github.com/radekg/app-kit-orytest/kratos/kratos.go:620.23,621.35 1 0
github.com/radekg/app-kit-orytest/kratos/kratos.go:627.27,628.39 1 0
github.com/radekg/app-kit-orytest/kratos/kratos.go:580.34,582.4 1 0
github.com/radekg/app-kit-orytest/kratos/kratos.go:582.9,585.4 2 0
github.com/radekg/app-kit-orytest/kratos/kratos.go:587.32,589.4 1 0
github.com/radekg/app-kit-orytest/kratos/kratos.go:589.9,592.4 2 0
github.com/radekg/app-kit-orytest/kratos/kratos.go:594.32,596.4 1 0
github.com/radekg/app-kit-orytest/kratos/kratos.go:596.9,599.4 2 0
github.com/radekg/app-kit-orytest/kratos/kratos.go:601.35,603.4 1 0
github.com/radekg/app-kit-orytest/kratos/kratos.go:603.9,606.4 2 0
github.com/radekg/app-kit-orytest/kratos/kratos.go:608.39,610.4 1 0
github.com/radekg/app-kit-orytest/kratos/kratos.go:610.9,616.18 3 0
github.com/radekg/app-kit-orytest/kratos/kratos.go:616.18,618.5 1 0
github.com/radekg/app-kit-orytest/kratos/kratos.go:621.35,623.4 1 0
github.com/radekg/app-kit-orytest/kratos/kratos.go:623.9,626.4 2 0
github.com/radekg/app-kit-orytest/kratos/kratos.go:628.39,630.4 1 0
github.com/radekg/app-kit-orytest/kratos/kratos.go:630.9,633.4 2 0
github.com/radekg/app-kit-orytest/kratos/kratos.go:637.96,640.2 2 0
github.com/radekg/app-kit-orytest/kratos/kratos.go:642.63,644.2 1 0
github.com/radekg/app-kit-orytest/kratos/kratos.go:645.73,647.2 1 0
github.com/radekg/app-kit-orytest/kratos/kratos.go:648.58,650.2 1 0
github.com/radekg/app-kit-orytest/kratos/kratos.go:651.58,653.2 1 0
github.com/radekg/app-kit-orytest/kratos/kratos.go:654.61,656.2 1 0
github.com/radekg/app-kit-orytest/kratos/kratos.go:657.65,659.2 1 0
github.com/radekg/app-kit-orytest/kratos/kratos.go:660.61,662.2 1 0
github.com/radekg/app-kit-orytest/kratos/kratos.go:663.65,665.2 1 0
github.com/radekg/app-kit-orytest/kratos/kratos.go:666.73,668.2 1 0
github.com/radekg/app-kit-orytest/kratos/kratos.go:670.124,673.2 2 0
github.com/radekg/app-kit-orytest/kratos/kratos.go:674.122,677.2 2 0
github.com/radekg/app-kit-orytest/kratos/kratos.go:678.122,681.2 2 0
github.com/radekg/app-kit-orytest/kratos/kratos.go:682.125,685.2 2 0
github.com/radekg/app-kit-orytest/kratos/kratos.go:686.129,689.2 2 0
github.com/radekg/app-kit-orytest/kratos/kratos.go:690.125,693.2 2 0
github.com/radekg/app-kit-orytest/kratos/kratos.go:694.129,697.2 2 0
github.com/radekg/app-kit-orytest/hydra/hydra.go:40.87,48.45 2 1
github.com/radekg/app-kit-orytest/hydra/hydra.go:55.2,55.72 1 1
github.com/radekg/app-kit-orytest/hydra/hydra.go:60.2,61.24 2 1
github.com/radekg/app-kit-orytest/hydra/hydra.go:66.2,66.37 1 1
github.com/radekg/app-kit-orytest/hydra/hydra.go:72.2,73.16 2 1
github.com/radekg/app-kit-orytest/hydra/hydra.go:77.2,77.37 1 1
github.com/radekg/app-kit-orytest/hydra/hydra.go:81.2,82.16 2 1
github.com/radekg/app-kit-orytest/hydra/hydra.go:86.2,86.37 1 1
github.com/radekg/app-kit-orytest/hydra/hydra.go:91.2,91.50 1 1
github.com/radekg/app-kit-orytest/hydra/hydra.go:95.2,95.49 1 1
github.com/radekg/app-kit-orytest/hydra/hydra.go:100.2,107.20 4 1
github.com/radekg/app-kit-orytest/hydra/hydra.go:112.2,112.105 1 1
github.com/radekg/app-kit-orytest/hydra/hydra.go:117.2,121.20 3 1
github.com/radekg/app-kit-orytest/hydra/hydra.go:126.2,143.92 2 1
github.com/radekg/app-kit-orytest/hydra/hydra.go:147.2,147.21 1 1
github.com/radekg/app-kit-orytest/hydra/hydra.go:152.2,152.37 1 1
github.com/radekg/app-kit-orytest/hydra/hydra.go:158.2,158.89 1 1
github.com/radekg/app-kit-orytest/hydra/hydra.go:164.2,198.78 4 1
github.com/radekg/app-kit-orytest/hydra/hydra.go:199.2,199.21 1 1
github.com/radekg/app-kit-orytest/hydra/hydra.go:203.2,203.37 1 1
github.com/radekg/app-kit-orytest/hydra/hydra.go:209.2,219.12 7 1
github.com/radekg/app-kit-orytest/hydra/hydra.go:253.2,253.9 1 1
github.com/radekg/app-kit-orytest/hydra/hydra.go:265.2,267.28 1 1
github.com/radekg/app-kit-orytest/hydra/hydra.go:48.45,49.38 1 0
github.com/radekg/app-kit-orytest/hydra/hydra.go:49.38,51.4 1 0
github.com/radekg/app-kit-orytest/hydra/hydra.go:55.72,57.3 1 5
github.com/radekg/app-kit-orytest/hydra/hydra.go:61.24,64.3 2 0
github.com/radekg/app-kit-orytest/hydra/hydra.go:66.37,69.3 2 1
github.com/radekg/app-kit-orytest/hydra/hydra.go:73.16,76.3 2 0
github.com/radekg/app-kit-orytest/hydra/hydra.go:77.37,80.3 2 1
github.com/radekg/app-kit-orytest/hydra/hydra.go:82.16,85.3 2 0
github.com/radekg/app-kit-orytest/hydra/hydra.go:86.37,89.3 2 1
github.com/radekg/app-kit-orytest/hydra/hydra.go:91.50,94.3 2 0
github.com/radekg/app-kit-orytest/hydra/hydra.go:95.49,98.3 2 0
github.com/radekg/app-kit-orytest/hydra/hydra.go:107.20,110.3 2 0
github.com/radekg/app-kit-orytest/hydra/hydra.go:112.105,115.3 2 0
github.com/radekg/app-kit-orytest/hydra/hydra.go:121.20,124.3 2 0
github.com/radekg/app-kit-orytest/hydra/hydra.go:143.92,146.3 1 1
github.com/radekg/app-kit-orytest/hydra/hydra.go:147.21,150.3 2 0
github.com/radekg/app-kit-orytest/hydra/hydra.go:152.37,156.3 3 1
github.com/radekg/app-kit-orytest/hydra/hydra.go:158.89,161.3 2 0
github.com/radekg/app-kit-orytest/hydra/hydra.go:198.79,198.80 0 1
github.com/radekg/app-kit-orytest/hydra/hydra.go:199.21,202.3 2 0
github.com/radekg/app-kit-orytest/hydra/hydra.go:203.37,207.3 3 1
github.com/radekg/app-kit-orytest/hydra/hydra.go:219.12,220.43 1 1
github.com/radekg/app-kit-orytest/hydra/hydra.go:246.3,246.26 1 1
github.com/radekg/app-kit-orytest/hydra/hydra.go:250.3,250.40 1 0
github.com/radekg/app-kit-orytest/hydra/hydra.go:220.43,222.25 2 8
github.com/radekg/app-kit-orytest/hydra/hydra.go:226.4,228.26 3 8
github.com/radekg/app-kit-orytest/hydra/hydra.go:232.4,233.26 2 1
github.com/radekg/app-kit-orytest/hydra/hydra.go:237.4,239.44 3 1
github.com/radekg/app-kit-orytest/hydra/hydra.go:243.4,244.86 2 0
github.com/radekg/app-kit-orytest/hydra/hydra.go:222.25,225.5 2 0
github.com/radekg/app-kit-orytest/hydra/hydra.go:228.26,231.5 2 7
github.com/radekg/app-kit-orytest/hydra/hydra.go:233.26,236.5 2 0
github.com/radekg/app-kit-orytest/hydra/hydra.go:239.44,242.5 2 1
github.com/radekg/app-kit-orytest/hydra/hydra.go:246.26,249.4 2 1
github.com/radekg/app-kit-orytest/hydra/hydra.go:254.33,255.82 1 1
github.com/radekg/app-kit-orytest/hydra/hydra.go:256.48,258.75 2 0
github.com/radekg/app-kit-orytest/hydra/hydra.go:259.38,261.72 2 0
github.com/radekg/app-kit-orytest/hydra/hydra.go:267.28,268.39 1 1
github.com/radekg/app-kit-orytest/hydra/hydra.go:268.39,270.5 1 6
github.com/radekg/app-kit-orytest/hydra/hydra.go:287.49,289.2 1 1
github.com/radekg/app-kit-orytest/hydra/hydra.go:291.40,293.2 1 1
github.com/radekg/app-kit-orytest/hydra/hydra.go:295.54,297.2 1 0
github.com/radekg/app-kit-orytest/hydra/hydra.go:299.50,301.2 1 1
github.com/radekg/app-kit-orytest/hydra/hydra.go:349.57,352.2 2 0
github.com/radekg/app-kit-orytest/hydra/hydra.go:354.76,384.2 1 1
